<?xml version="1.0" encoding="UTF-8"?>
<testsuites name="Logowanie" time="302.887" tests="18" failures="4" errors="0">
   <testsuite name="Logowanie" tests="18" failures="4" errors="0" time="302.887" timestamp="2020-05-01 22:52:24" hostname="Cassiz - 192.168.1.160" id="Test Suites/Logowanie">
      <properties>
         <property name="deviceName" value=""/>
         <property name="devicePlatform" value=""/>
         <property name="logFolder" value="C:\\Users\\Cassiz\\git\\PSTOWebkomunikator_Logowanie\\Reports\\20200501_225219\\Logowanie\\20200501_225219"/>
         <property name="logFiles" value="C:\\Users\\Cassiz\\git\\PSTOWebkomunikator_Logowanie\\Reports\\20200501_225219\\Logowanie\\20200501_225219\\execution0.log"/>
         <property name="attachments" value="C:\\Users\\Cassiz\\git\\PSTOWebkomunikator_Logowanie\\Reports\\20200501_225219\\Logowanie\\20200501_225219\\1588366369937.png, C:\\Users\\Cassiz\\git\\PSTOWebkomunikator_Logowanie\\Reports\\20200501_225219\\Logowanie\\20200501_225219\\1588366388214.png, C:\\Users\\Cassiz\\git\\PSTOWebkomunikator_Logowanie\\Reports\\20200501_225219\\Logowanie\\20200501_225219\\1588366404116.png, C:\\Users\\Cassiz\\git\\PSTOWebkomunikator_Logowanie\\Reports\\20200501_225219\\Logowanie\\20200501_225219\\1588366421742.png, C:\\Users\\Cassiz\\git\\PSTOWebkomunikator_Logowanie\\Reports\\20200501_225219\\Logowanie\\20200501_225219\\1588366437369.png, C:\\Users\\Cassiz\\git\\PSTOWebkomunikator_Logowanie\\Reports\\20200501_225219\\Logowanie\\20200501_225219\\1588366453653.png, C:\\Users\\Cassiz\\git\\PSTOWebkomunikator_Logowanie\\Reports\\20200501_225219\\Logowanie\\20200501_225219\\1588366453879.png, C:\\Users\\Cassiz\\git\\PSTOWebkomunikator_Logowanie\\Reports\\20200501_225219\\Logowanie\\20200501_225219\\1588366470333.png, C:\\Users\\Cassiz\\git\\PSTOWebkomunikator_Logowanie\\Reports\\20200501_225219\\Logowanie\\20200501_225219\\1588366470647.png, C:\\Users\\Cassiz\\git\\PSTOWebkomunikator_Logowanie\\Reports\\20200501_225219\\Logowanie\\20200501_225219\\1588366486953.png, C:\\Users\\Cassiz\\git\\PSTOWebkomunikator_Logowanie\\Reports\\20200501_225219\\Logowanie\\20200501_225219\\1588366487222.png, C:\\Users\\Cassiz\\git\\PSTOWebkomunikator_Logowanie\\Reports\\20200501_225219\\Logowanie\\20200501_225219\\1588366502598.png, C:\\Users\\Cassiz\\git\\PSTOWebkomunikator_Logowanie\\Reports\\20200501_225219\\Logowanie\\20200501_225219\\1588366502734.png"/>
         <property name="hostName" value="Cassiz - 192.168.1.160"/>
         <property name="os" value="Windows 10 64bit"/>
         <property name="katalonVersion" value="7.2.1.1"/>
         <property name="browser" value="Firefox 75.0"/>
         <property name="hostAddress" value="192.168.1.160"/>
         <property name="sessionId" value="4c486524-9ade-456e-8fe9-ec95b4b116cb"/>
         <property name="seleniumVersion" value="3.141.59"/>
         <property name="proxyInformation" value="ProxyInformation{proxyOption=NO_PROXY, proxyServerType=HTTP, password=, proxyServerAddress=, proxyServerPort=0, executionList=}"/>
         <property name="platform" value="Windows 10"/>
      </properties>
      <testcase name="Test Cases/L-10" time="26.591" classname="Test Cases/L-10" status="PASSED">
         <system-out><![CDATA[2020-05-01 22:52:25 - [TEST_CASE][PASSED] - Test Cases/L-10: Test Cases/L-10

2020-05-01 22:52:26 - [TEST_STEP][PASSED] - openBrowser(""): Browser is opened with url: ''

2020-05-01 22:52:27 - [MESSAGE][INFO] - Starting 'Firefox' driver

2020-05-01 22:52:27 - [MESSAGE][INFO] - Action delay is set to 0 seconds

2020-05-01 22:52:41 - [MESSAGE][PASSED] - Browser is opened with url: ''

2020-05-01 22:52:41 - [TEST_STEP][PASSED] - navigateToUrl("http://kmg.hcm.pl/testowanie/"): Navigate to 'http://kmg.hcm.pl/testowanie/' successfully

2020-05-01 22:52:45 - [MESSAGE][PASSED] - Navigate to 'http://kmg.hcm.pl/testowanie/' successfully

2020-05-01 22:52:45 - [TEST_STEP][PASSED] - maximizeWindow(): Current window maximized

2020-05-01 22:52:45 - [MESSAGE][PASSED] - Current window maximized

2020-05-01 22:52:45 - [TEST_STEP][PASSED] - sendKeys(findTestObject("Nazwa użytkownika"), varLogin): Keys 'izA' sent to object: 'Object Repository/Nazwa użytkownika'

2020-05-01 22:52:46 - [MESSAGE][PASSED] - Keys 'izA' sent to object: 'Object Repository/Nazwa użytkownika'

2020-05-01 22:52:46 - [TEST_STEP][PASSED] - sendKeys(findTestObject("Hasło"), varPassword): Keys 'ilabunko' sent to object: 'Object Repository/Hasło'

2020-05-01 22:52:47 - [MESSAGE][PASSED] - Keys 'ilabunko' sent to object: 'Object Repository/Hasło'

2020-05-01 22:52:47 - [TEST_STEP][PASSED] - click(findTestObject("Button Login")): Object: 'Object Repository/Button Login' is clicked on

2020-05-01 22:52:48 - [MESSAGE][PASSED] - Object: 'Object Repository/Button Login' is clicked on

2020-05-01 22:52:48 - [TEST_STEP][PASSED] - verifyNotEqual(findTestObject("Historia rozmów"), findTestObject("Text Link Zajestruj konto")): Actual object 'TestObject - 'Object Repository/Historia rozmów'' and expected object 'TestObject - 'Object Repository/Text Link Zajestruj konto'' are not equal

2020-05-01 22:52:48 - [MESSAGE][PASSED] - Actual object 'TestObject - 'Object Repository/Historia rozmów'' and expected object 'TestObject - 'Object Repository/Text Link Zajestruj konto'' are not equal

2020-05-01 22:52:48 - [TEST_STEP][PASSED] - if (verifyElementVisible(findTestObject("Historia rozmów"), STOP_ON_FAILURE)): null

2020-05-01 22:52:49 - [MESSAGE][PASSED] - Object 'Object Repository/Historia rozmów' is visible

2020-05-01 22:52:49 - [TEST_STEP][PASSED] - takeScreenshot(STOP_ON_FAILURE): Taking screenshot successfully

2020-05-01 22:52:50 - [MESSAGE][PASSED] - Taking screenshot successfully
[[ATTACHMENT|C:\\Users\\Cassiz\\git\\PSTOWebkomunikator_Logowanie\\Reports\\20200501_225219\\Logowanie\\20200501_225219\\1588366369937.png]]

2020-05-01 22:52:50 - [TEST_STEP][PASSED] - println = "niepodziewane logowanie": null

2020-05-01 22:52:50 - [TEST_STEP][PASSED] - closeBrowser(): Browser is closed

2020-05-01 22:52:52 - [MESSAGE][PASSED] - Browser is closed]]></system-out>
         <system-err><![CDATA[]]></system-err>
      </testcase>
      <testcase name="Test Cases/L-10" time="17.661" classname="Test Cases/L-10" status="PASSED">
         <system-out><![CDATA[2020-05-01 22:52:52 - [TEST_CASE][PASSED] - Test Cases/L-10: Test Cases/L-10

2020-05-01 22:52:52 - [TEST_STEP][PASSED] - openBrowser(""): Browser is opened with url: ''

2020-05-01 22:52:52 - [MESSAGE][INFO] - Starting 'Firefox' driver

2020-05-01 22:53:01 - [MESSAGE][PASSED] - Browser is opened with url: ''

2020-05-01 22:53:01 - [TEST_STEP][PASSED] - navigateToUrl("http://kmg.hcm.pl/testowanie/"): Navigate to 'http://kmg.hcm.pl/testowanie/' successfully

2020-05-01 22:53:05 - [MESSAGE][PASSED] - Navigate to 'http://kmg.hcm.pl/testowanie/' successfully

2020-05-01 22:53:05 - [TEST_STEP][PASSED] - maximizeWindow(): Current window maximized

2020-05-01 22:53:05 - [MESSAGE][PASSED] - Current window maximized

2020-05-01 22:53:05 - [TEST_STEP][PASSED] - sendKeys(findTestObject("Nazwa użytkownika"), varLogin): Keys 'iZA' sent to object: 'Object Repository/Nazwa użytkownika'

2020-05-01 22:53:06 - [MESSAGE][PASSED] - Keys 'iZA' sent to object: 'Object Repository/Nazwa użytkownika'

2020-05-01 22:53:06 - [TEST_STEP][PASSED] - sendKeys(findTestObject("Hasło"), varPassword): Keys 'ilabunko' sent to object: 'Object Repository/Hasło'

2020-05-01 22:53:06 - [MESSAGE][PASSED] - Keys 'ilabunko' sent to object: 'Object Repository/Hasło'

2020-05-01 22:53:06 - [TEST_STEP][PASSED] - click(findTestObject("Button Login")): Object: 'Object Repository/Button Login' is clicked on

2020-05-01 22:53:07 - [MESSAGE][PASSED] - Object: 'Object Repository/Button Login' is clicked on

2020-05-01 22:53:07 - [TEST_STEP][PASSED] - verifyNotEqual(findTestObject("Historia rozmów"), findTestObject("Text Link Zajestruj konto")): Actual object 'TestObject - 'Object Repository/Historia rozmów'' and expected object 'TestObject - 'Object Repository/Text Link Zajestruj konto'' are not equal

2020-05-01 22:53:07 - [MESSAGE][PASSED] - Actual object 'TestObject - 'Object Repository/Historia rozmów'' and expected object 'TestObject - 'Object Repository/Text Link Zajestruj konto'' are not equal

2020-05-01 22:53:07 - [TEST_STEP][PASSED] - if (verifyElementVisible(findTestObject("Historia rozmów"), STOP_ON_FAILURE)): null

2020-05-01 22:53:07 - [MESSAGE][PASSED] - Object 'Object Repository/Historia rozmów' is visible

2020-05-01 22:53:07 - [TEST_STEP][PASSED] - takeScreenshot(STOP_ON_FAILURE): Taking screenshot successfully

2020-05-01 22:53:08 - [MESSAGE][PASSED] - Taking screenshot successfully
[[ATTACHMENT|C:\\Users\\Cassiz\\git\\PSTOWebkomunikator_Logowanie\\Reports\\20200501_225219\\Logowanie\\20200501_225219\\1588366388214.png]]

2020-05-01 22:53:08 - [TEST_STEP][PASSED] - println = "niepodziewane logowanie": null

2020-05-01 22:53:08 - [TEST_STEP][PASSED] - closeBrowser(): Browser is closed

2020-05-01 22:53:10 - [MESSAGE][PASSED] - Browser is closed]]></system-out>
         <system-err><![CDATA[]]></system-err>
      </testcase>
      <testcase name="Test Cases/L-10" time="16.004" classname="Test Cases/L-10" status="PASSED">
         <system-out><![CDATA[2020-05-01 22:53:10 - [TEST_CASE][PASSED] - Test Cases/L-10: Test Cases/L-10

2020-05-01 22:53:10 - [TEST_STEP][PASSED] - openBrowser(""): Browser is opened with url: ''

2020-05-01 22:53:10 - [MESSAGE][INFO] - Starting 'Firefox' driver

2020-05-01 22:53:18 - [MESSAGE][PASSED] - Browser is opened with url: ''

2020-05-01 22:53:18 - [TEST_STEP][PASSED] - navigateToUrl("http://kmg.hcm.pl/testowanie/"): Navigate to 'http://kmg.hcm.pl/testowanie/' successfully

2020-05-01 22:53:21 - [MESSAGE][PASSED] - Navigate to 'http://kmg.hcm.pl/testowanie/' successfully

2020-05-01 22:53:21 - [TEST_STEP][PASSED] - maximizeWindow(): Current window maximized

2020-05-01 22:53:21 - [MESSAGE][PASSED] - Current window maximized

2020-05-01 22:53:21 - [TEST_STEP][PASSED] - sendKeys(findTestObject("Nazwa użytkownika"), varLogin): Keys 'iza' sent to object: 'Object Repository/Nazwa użytkownika'

2020-05-01 22:53:22 - [MESSAGE][PASSED] - Keys 'iza' sent to object: 'Object Repository/Nazwa użytkownika'

2020-05-01 22:53:22 - [TEST_STEP][PASSED] - sendKeys(findTestObject("Hasło"), varPassword): Keys 'ilabunko' sent to object: 'Object Repository/Hasło'

2020-05-01 22:53:22 - [MESSAGE][PASSED] - Keys 'ilabunko' sent to object: 'Object Repository/Hasło'

2020-05-01 22:53:22 - [TEST_STEP][PASSED] - click(findTestObject("Button Login")): Object: 'Object Repository/Button Login' is clicked on

2020-05-01 22:53:23 - [MESSAGE][PASSED] - Object: 'Object Repository/Button Login' is clicked on

2020-05-01 22:53:23 - [TEST_STEP][PASSED] - verifyNotEqual(findTestObject("Historia rozmów"), findTestObject("Text Link Zajestruj konto")): Actual object 'TestObject - 'Object Repository/Historia rozmów'' and expected object 'TestObject - 'Object Repository/Text Link Zajestruj konto'' are not equal

2020-05-01 22:53:23 - [MESSAGE][PASSED] - Actual object 'TestObject - 'Object Repository/Historia rozmów'' and expected object 'TestObject - 'Object Repository/Text Link Zajestruj konto'' are not equal

2020-05-01 22:53:23 - [TEST_STEP][PASSED] - if (verifyElementVisible(findTestObject("Historia rozmów"), STOP_ON_FAILURE)): null

2020-05-01 22:53:23 - [MESSAGE][PASSED] - Object 'Object Repository/Historia rozmów' is visible

2020-05-01 22:53:23 - [TEST_STEP][PASSED] - takeScreenshot(STOP_ON_FAILURE): Taking screenshot successfully

2020-05-01 22:53:24 - [MESSAGE][PASSED] - Taking screenshot successfully
[[ATTACHMENT|C:\\Users\\Cassiz\\git\\PSTOWebkomunikator_Logowanie\\Reports\\20200501_225219\\Logowanie\\20200501_225219\\1588366404116.png]]

2020-05-01 22:53:24 - [TEST_STEP][PASSED] - println = "niepodziewane logowanie": null

2020-05-01 22:53:24 - [TEST_STEP][PASSED] - closeBrowser(): Browser is closed

2020-05-01 22:53:26 - [MESSAGE][PASSED] - Browser is closed]]></system-out>
         <system-err><![CDATA[]]></system-err>
      </testcase>
      <testcase name="Test Cases/L-10" time="17.775" classname="Test Cases/L-10" status="PASSED">
         <system-out><![CDATA[2020-05-01 22:53:26 - [TEST_CASE][PASSED] - Test Cases/L-10: Test Cases/L-10

2020-05-01 22:53:26 - [TEST_STEP][PASSED] - openBrowser(""): Browser is opened with url: ''

2020-05-01 22:53:26 - [MESSAGE][INFO] - Starting 'Firefox' driver

2020-05-01 22:53:34 - [MESSAGE][PASSED] - Browser is opened with url: ''

2020-05-01 22:53:34 - [TEST_STEP][PASSED] - navigateToUrl("http://kmg.hcm.pl/testowanie/"): Navigate to 'http://kmg.hcm.pl/testowanie/' successfully

2020-05-01 22:53:39 - [MESSAGE][PASSED] - Navigate to 'http://kmg.hcm.pl/testowanie/' successfully

2020-05-01 22:53:39 - [TEST_STEP][PASSED] - maximizeWindow(): Current window maximized

2020-05-01 22:53:39 - [MESSAGE][PASSED] - Current window maximized

2020-05-01 22:53:39 - [TEST_STEP][PASSED] - sendKeys(findTestObject("Nazwa użytkownika"), varLogin): Keys 'IZa' sent to object: 'Object Repository/Nazwa użytkownika'

2020-05-01 22:53:39 - [MESSAGE][PASSED] - Keys 'IZa' sent to object: 'Object Repository/Nazwa użytkownika'

2020-05-01 22:53:39 - [TEST_STEP][PASSED] - sendKeys(findTestObject("Hasło"), varPassword): Keys 'ilabunko' sent to object: 'Object Repository/Hasło'

2020-05-01 22:53:40 - [MESSAGE][PASSED] - Keys 'ilabunko' sent to object: 'Object Repository/Hasło'

2020-05-01 22:53:40 - [TEST_STEP][PASSED] - click(findTestObject("Button Login")): Object: 'Object Repository/Button Login' is clicked on

2020-05-01 22:53:40 - [MESSAGE][PASSED] - Object: 'Object Repository/Button Login' is clicked on

2020-05-01 22:53:40 - [TEST_STEP][PASSED] - verifyNotEqual(findTestObject("Historia rozmów"), findTestObject("Text Link Zajestruj konto")): Actual object 'TestObject - 'Object Repository/Historia rozmów'' and expected object 'TestObject - 'Object Repository/Text Link Zajestruj konto'' are not equal

2020-05-01 22:53:41 - [MESSAGE][PASSED] - Actual object 'TestObject - 'Object Repository/Historia rozmów'' and expected object 'TestObject - 'Object Repository/Text Link Zajestruj konto'' are not equal

2020-05-01 22:53:41 - [TEST_STEP][PASSED] - if (verifyElementVisible(findTestObject("Historia rozmów"), STOP_ON_FAILURE)): null

2020-05-01 22:53:41 - [MESSAGE][PASSED] - Object 'Object Repository/Historia rozmów' is visible

2020-05-01 22:53:41 - [TEST_STEP][PASSED] - takeScreenshot(STOP_ON_FAILURE): Taking screenshot successfully

2020-05-01 22:53:41 - [MESSAGE][PASSED] - Taking screenshot successfully
[[ATTACHMENT|C:\\Users\\Cassiz\\git\\PSTOWebkomunikator_Logowanie\\Reports\\20200501_225219\\Logowanie\\20200501_225219\\1588366421742.png]]

2020-05-01 22:53:41 - [TEST_STEP][PASSED] - println = "niepodziewane logowanie": null

2020-05-01 22:53:41 - [TEST_STEP][PASSED] - closeBrowser(): Browser is closed

2020-05-01 22:53:44 - [MESSAGE][PASSED] - Browser is closed]]></system-out>
         <system-err><![CDATA[]]></system-err>
      </testcase>
      <testcase name="Test Cases/L-10" time="15.335" classname="Test Cases/L-10" status="PASSED">
         <system-out><![CDATA[2020-05-01 22:53:44 - [TEST_CASE][PASSED] - Test Cases/L-10: Test Cases/L-10

2020-05-01 22:53:44 - [TEST_STEP][PASSED] - openBrowser(""): Browser is opened with url: ''

2020-05-01 22:53:44 - [MESSAGE][INFO] - Starting 'Firefox' driver

2020-05-01 22:53:51 - [MESSAGE][PASSED] - Browser is opened with url: ''

2020-05-01 22:53:51 - [TEST_STEP][PASSED] - navigateToUrl("http://kmg.hcm.pl/testowanie/"): Navigate to 'http://kmg.hcm.pl/testowanie/' successfully

2020-05-01 22:53:54 - [MESSAGE][PASSED] - Navigate to 'http://kmg.hcm.pl/testowanie/' successfully

2020-05-01 22:53:54 - [TEST_STEP][PASSED] - maximizeWindow(): Current window maximized

2020-05-01 22:53:54 - [MESSAGE][PASSED] - Current window maximized

2020-05-01 22:53:54 - [TEST_STEP][PASSED] - sendKeys(findTestObject("Nazwa użytkownika"), varLogin): Keys 'IZA' sent to object: 'Object Repository/Nazwa użytkownika'

2020-05-01 22:53:55 - [MESSAGE][PASSED] - Keys 'IZA' sent to object: 'Object Repository/Nazwa użytkownika'

2020-05-01 22:53:55 - [TEST_STEP][PASSED] - sendKeys(findTestObject("Hasło"), varPassword): Keys 'ilabunko' sent to object: 'Object Repository/Hasło'

2020-05-01 22:53:55 - [MESSAGE][PASSED] - Keys 'ilabunko' sent to object: 'Object Repository/Hasło'

2020-05-01 22:53:55 - [TEST_STEP][PASSED] - click(findTestObject("Button Login")): Object: 'Object Repository/Button Login' is clicked on

2020-05-01 22:53:56 - [MESSAGE][PASSED] - Object: 'Object Repository/Button Login' is clicked on

2020-05-01 22:53:56 - [TEST_STEP][PASSED] - verifyNotEqual(findTestObject("Historia rozmów"), findTestObject("Text Link Zajestruj konto")): Actual object 'TestObject - 'Object Repository/Historia rozmów'' and expected object 'TestObject - 'Object Repository/Text Link Zajestruj konto'' are not equal

2020-05-01 22:53:56 - [MESSAGE][PASSED] - Actual object 'TestObject - 'Object Repository/Historia rozmów'' and expected object 'TestObject - 'Object Repository/Text Link Zajestruj konto'' are not equal

2020-05-01 22:53:56 - [TEST_STEP][PASSED] - if (verifyElementVisible(findTestObject("Historia rozmów"), STOP_ON_FAILURE)): null

2020-05-01 22:53:57 - [MESSAGE][PASSED] - Object 'Object Repository/Historia rozmów' is visible

2020-05-01 22:53:57 - [TEST_STEP][PASSED] - takeScreenshot(STOP_ON_FAILURE): Taking screenshot successfully

2020-05-01 22:53:57 - [MESSAGE][PASSED] - Taking screenshot successfully
[[ATTACHMENT|C:\\Users\\Cassiz\\git\\PSTOWebkomunikator_Logowanie\\Reports\\20200501_225219\\Logowanie\\20200501_225219\\1588366437369.png]]

2020-05-01 22:53:57 - [TEST_STEP][PASSED] - println = "niepodziewane logowanie": null

2020-05-01 22:53:57 - [TEST_STEP][PASSED] - closeBrowser(): Browser is closed

2020-05-01 22:53:59 - [MESSAGE][PASSED] - Browser is closed]]></system-out>
         <system-err><![CDATA[]]></system-err>
      </testcase>
      <testcase name="Test Cases/L-10" time="14.372" classname="Test Cases/L-10" status="FAILED">
         <failure type="FAILED" message="Test Cases/L-10 FAILED.
Reason:
com.kms.katalon.core.exception.StepFailedException: Unable to verify object 'Object Repository/Historia rozmów' is visible
	at com.kms.katalon.core.webui.keyword.internal.WebUIKeywordMain.stepFailed(WebUIKeywordMain.groovy:64)
	at com.kms.katalon.core.webui.keyword.internal.WebUIKeywordMain.runKeyword(WebUIKeywordMain.groovy:26)
	at com.kms.katalon.core.webui.keyword.builtin.VerifyElementVisibleKeyword.verifyElementVisible(VerifyElementVisibleKeyword.groovy:97)
	at com.kms.katalon.core.webui.keyword.builtin.VerifyElementVisibleKeyword.execute(VerifyElementVisibleKeyword.groovy:67)
	at com.kms.katalon.core.keyword.internal.KeywordExecutor.executeKeywordForPlatform(KeywordExecutor.groovy:72)
	at com.kms.katalon.core.webui.keyword.WebUiBuiltInKeywords.verifyElementVisible(WebUiBuiltInKeywords.groovy:358)
	at com.kms.katalon.core.webui.keyword.WebUiBuiltInKeywords$verifyElementVisible$4.call(Unknown Source)
	at L-10.run(L-10:35)
	at com.kms.katalon.core.main.ScriptEngine.run(ScriptEngine.java:194)
	at com.kms.katalon.core.main.ScriptEngine.runScriptAsRawText(ScriptEngine.java:119)
	at com.kms.katalon.core.main.TestCaseExecutor.runScript(TestCaseExecutor.java:337)
	at com.kms.katalon.core.main.TestCaseExecutor.doExecute(TestCaseExecutor.java:328)
	at com.kms.katalon.core.main.TestCaseExecutor.processExecutionPhase(TestCaseExecutor.java:307)
	at com.kms.katalon.core.main.TestCaseExecutor.accessMainPhase(TestCaseExecutor.java:299)
	at com.kms.katalon.core.main.TestCaseExecutor.execute(TestCaseExecutor.java:233)
	at com.kms.katalon.core.main.TestSuiteExecutor.accessTestCaseMainPhase(TestSuiteExecutor.java:169)
	at com.kms.katalon.core.main.TestSuiteExecutor.accessTestSuiteMainPhase(TestSuiteExecutor.java:142)
	at com.kms.katalon.core.main.TestSuiteExecutor.execute(TestSuiteExecutor.java:91)
	at com.kms.katalon.core.main.TestCaseMain.startTestSuite(TestCaseMain.java:157)
	at com.kms.katalon.core.main.TestCaseMain$startTestSuite$0.call(Unknown Source)
	at TempTestSuite1588366339838.run(TempTestSuite1588366339838.groovy:36)
Caused by: com.kms.katalon.core.exception.StepFailedException: Object 'Object Repository/Historia rozmów' is NOT visible
	at com.kms.katalon.core.webui.keyword.internal.WebUIKeywordMain.stepFailed(WebUIKeywordMain.groovy:64)
	at com.kms.katalon.core.webui.keyword.builtin.VerifyElementVisibleKeyword$_verifyElementVisible_closure1.doCall(VerifyElementVisibleKeyword.groovy:83)
	at com.kms.katalon.core.webui.keyword.builtin.VerifyElementVisibleKeyword$_verifyElementVisible_closure1.call(VerifyElementVisibleKeyword.groovy)
	at com.kms.katalon.core.webui.keyword.internal.WebUIKeywordMain.runKeyword(WebUIKeywordMain.groovy:20)
	... 19 more
"/>
         <system-out><![CDATA[2020-05-01 22:53:59 - [TEST_CASE][FAILED] - Test Cases/L-10: Test Cases/L-10 FAILED.
Reason:
com.kms.katalon.core.exception.StepFailedException: Unable to verify object 'Object Repository/Historia rozmów' is visible
	at com.kms.katalon.core.webui.keyword.internal.WebUIKeywordMain.stepFailed(WebUIKeywordMain.groovy:64)
	at com.kms.katalon.core.webui.keyword.internal.WebUIKeywordMain.runKeyword(WebUIKeywordMain.groovy:26)
	at com.kms.katalon.core.webui.keyword.builtin.VerifyElementVisibleKeyword.verifyElementVisible(VerifyElementVisibleKeyword.groovy:97)
	at com.kms.katalon.core.webui.keyword.builtin.VerifyElementVisibleKeyword.execute(VerifyElementVisibleKeyword.groovy:67)
	at com.kms.katalon.core.keyword.internal.KeywordExecutor.executeKeywordForPlatform(KeywordExecutor.groovy:72)
	at com.kms.katalon.core.webui.keyword.WebUiBuiltInKeywords.verifyElementVisible(WebUiBuiltInKeywords.groovy:358)
	at com.kms.katalon.core.webui.keyword.WebUiBuiltInKeywords$verifyElementVisible$4.call(Unknown Source)
	at L-10.run(L-10:35)
	at com.kms.katalon.core.main.ScriptEngine.run(ScriptEngine.java:194)
	at com.kms.katalon.core.main.ScriptEngine.runScriptAsRawText(ScriptEngine.java:119)
	at com.kms.katalon.core.main.TestCaseExecutor.runScript(TestCaseExecutor.java:337)
	at com.kms.katalon.core.main.TestCaseExecutor.doExecute(TestCaseExecutor.java:328)
	at com.kms.katalon.core.main.TestCaseExecutor.processExecutionPhase(TestCaseExecutor.java:307)
	at com.kms.katalon.core.main.TestCaseExecutor.accessMainPhase(TestCaseExecutor.java:299)
	at com.kms.katalon.core.main.TestCaseExecutor.execute(TestCaseExecutor.java:233)
	at com.kms.katalon.core.main.TestSuiteExecutor.accessTestCaseMainPhase(TestSuiteExecutor.java:169)
	at com.kms.katalon.core.main.TestSuiteExecutor.accessTestSuiteMainPhase(TestSuiteExecutor.java:142)
	at com.kms.katalon.core.main.TestSuiteExecutor.execute(TestSuiteExecutor.java:91)
	at com.kms.katalon.core.main.TestCaseMain.startTestSuite(TestCaseMain.java:157)
	at com.kms.katalon.core.main.TestCaseMain$startTestSuite$0.call(Unknown Source)
	at TempTestSuite1588366339838.run(TempTestSuite1588366339838.groovy:36)
Caused by: com.kms.katalon.core.exception.StepFailedException: Object 'Object Repository/Historia rozmów' is NOT visible
	at com.kms.katalon.core.webui.keyword.internal.WebUIKeywordMain.stepFailed(WebUIKeywordMain.groovy:64)
	at com.kms.katalon.core.webui.keyword.builtin.VerifyElementVisibleKeyword$_verifyElementVisible_closure1.doCall(VerifyElementVisibleKeyword.groovy:83)
	at com.kms.katalon.core.webui.keyword.builtin.VerifyElementVisibleKeyword$_verifyElementVisible_closure1.call(VerifyElementVisibleKeyword.groovy)
	at com.kms.katalon.core.webui.keyword.internal.WebUIKeywordMain.runKeyword(WebUIKeywordMain.groovy:20)
	... 19 more


2020-05-01 22:53:59 - [TEST_STEP][PASSED] - openBrowser(""): Browser is opened with url: ''

2020-05-01 22:53:59 - [MESSAGE][INFO] - Starting 'Firefox' driver

2020-05-01 22:54:08 - [MESSAGE][PASSED] - Browser is opened with url: ''

2020-05-01 22:54:08 - [TEST_STEP][PASSED] - navigateToUrl("http://kmg.hcm.pl/testowanie/"): Navigate to 'http://kmg.hcm.pl/testowanie/' successfully

2020-05-01 22:54:11 - [MESSAGE][PASSED] - Navigate to 'http://kmg.hcm.pl/testowanie/' successfully

2020-05-01 22:54:11 - [TEST_STEP][PASSED] - maximizeWindow(): Current window maximized

2020-05-01 22:54:11 - [MESSAGE][PASSED] - Current window maximized

2020-05-01 22:54:11 - [TEST_STEP][PASSED] - sendKeys(findTestObject("Nazwa użytkownika"), varLogin): Keys 'Izag' sent to object: 'Object Repository/Nazwa użytkownika'

2020-05-01 22:54:11 - [MESSAGE][PASSED] - Keys 'Izag' sent to object: 'Object Repository/Nazwa użytkownika'

2020-05-01 22:54:11 - [TEST_STEP][PASSED] - sendKeys(findTestObject("Hasło"), varPassword): Keys 'ilabunko' sent to object: 'Object Repository/Hasło'

2020-05-01 22:54:12 - [MESSAGE][PASSED] - Keys 'ilabunko' sent to object: 'Object Repository/Hasło'

2020-05-01 22:54:12 - [TEST_STEP][PASSED] - click(findTestObject("Button Login")): Object: 'Object Repository/Button Login' is clicked on

2020-05-01 22:54:12 - [MESSAGE][PASSED] - Object: 'Object Repository/Button Login' is clicked on

2020-05-01 22:54:12 - [TEST_STEP][PASSED] - verifyNotEqual(findTestObject("Historia rozmów"), findTestObject("Text Link Zajestruj konto")): Actual object 'TestObject - 'Object Repository/Historia rozmów'' and expected object 'TestObject - 'Object Repository/Text Link Zajestruj konto'' are not equal

2020-05-01 22:54:13 - [MESSAGE][PASSED] - Actual object 'TestObject - 'Object Repository/Historia rozmów'' and expected object 'TestObject - 'Object Repository/Text Link Zajestruj konto'' are not equal

2020-05-01 22:54:13 - [TEST_STEP][FAILED] - if (verifyElementVisible(findTestObject("Historia rozmów"), STOP_ON_FAILURE)): Unable to verify object 'Object Repository/Historia rozmów' is visible (Root cause: com.kms.katalon.core.exception.StepFailedException: Unable to verify object 'Object Repository/Historia rozmów' is visible
	at com.kms.katalon.core.webui.keyword.internal.WebUIKeywordMain.stepFailed(WebUIKeywordMain.groovy:64)
	at com.kms.katalon.core.webui.keyword.internal.WebUIKeywordMain.runKeyword(WebUIKeywordMain.groovy:26)
	at com.kms.katalon.core.webui.keyword.builtin.VerifyElementVisibleKeyword.verifyElementVisible(VerifyElementVisibleKeyword.groovy:97)
	at com.kms.katalon.core.webui.keyword.builtin.VerifyElementVisibleKeyword.execute(VerifyElementVisibleKeyword.groovy:67)
	at com.kms.katalon.core.keyword.internal.KeywordExecutor.executeKeywordForPlatform(KeywordExecutor.groovy:72)
	at com.kms.katalon.core.webui.keyword.WebUiBuiltInKeywords.verifyElementVisible(WebUiBuiltInKeywords.groovy:358)
	at com.kms.katalon.core.webui.keyword.WebUiBuiltInKeywords$verifyElementVisible$4.call(Unknown Source)
	at L-10.run(L-10:35)
	at com.kms.katalon.core.main.ScriptEngine.run(ScriptEngine.java:194)
	at com.kms.katalon.core.main.ScriptEngine.runScriptAsRawText(ScriptEngine.java:119)
	at com.kms.katalon.core.main.TestCaseExecutor.runScript(TestCaseExecutor.java:337)
	at com.kms.katalon.core.main.TestCaseExecutor.doExecute(TestCaseExecutor.java:328)
	at com.kms.katalon.core.main.TestCaseExecutor.processExecutionPhase(TestCaseExecutor.java:307)
	at com.kms.katalon.core.main.TestCaseExecutor.accessMainPhase(TestCaseExecutor.java:299)
	at com.kms.katalon.core.main.TestCaseExecutor.execute(TestCaseExecutor.java:233)
	at com.kms.katalon.core.main.TestSuiteExecutor.accessTestCaseMainPhase(TestSuiteExecutor.java:169)
	at com.kms.katalon.core.main.TestSuiteExecutor.accessTestSuiteMainPhase(TestSuiteExecutor.java:142)
	at com.kms.katalon.core.main.TestSuiteExecutor.execute(TestSuiteExecutor.java:91)
	at com.kms.katalon.core.main.TestCaseMain.startTestSuite(TestCaseMain.java:157)
	at com.kms.katalon.core.main.TestCaseMain$startTestSuite$0.call(Unknown Source)
	at TempTestSuite1588366339838.run(TempTestSuite1588366339838.groovy:36)
Caused by: com.kms.katalon.core.exception.StepFailedException: Object 'Object Repository/Historia rozmów' is NOT visible
	at com.kms.katalon.core.webui.keyword.internal.WebUIKeywordMain.stepFailed(WebUIKeywordMain.groovy:64)
	at com.kms.katalon.core.webui.keyword.builtin.VerifyElementVisibleKeyword$_verifyElementVisible_closure1.doCall(VerifyElementVisibleKeyword.groovy:83)
	at com.kms.katalon.core.webui.keyword.builtin.VerifyElementVisibleKeyword$_verifyElementVisible_closure1.call(VerifyElementVisibleKeyword.groovy)
	at com.kms.katalon.core.webui.keyword.internal.WebUIKeywordMain.runKeyword(WebUIKeywordMain.groovy:20)
	... 19 more
)

2020-05-01 22:54:13 - [MESSAGE][FAILED] - Object 'Object Repository/Historia rozmów' is NOT visible (Root cause: com.kms.katalon.core.exception.StepFailedException: Object 'Object Repository/Historia rozmów' is NOT visible
	at com.kms.katalon.core.webui.keyword.internal.WebUIKeywordMain.stepFailed(WebUIKeywordMain.groovy:64)
	at com.kms.katalon.core.webui.keyword.builtin.VerifyElementVisibleKeyword$_verifyElementVisible_closure1.doCall(VerifyElementVisibleKeyword.groovy:83)
	at com.kms.katalon.core.webui.keyword.builtin.VerifyElementVisibleKeyword$_verifyElementVisible_closure1.call(VerifyElementVisibleKeyword.groovy)
	at com.kms.katalon.core.webui.keyword.internal.WebUIKeywordMain.runKeyword(WebUIKeywordMain.groovy:20)
	at com.kms.katalon.core.webui.keyword.builtin.VerifyElementVisibleKeyword.verifyElementVisible(VerifyElementVisibleKeyword.groovy:97)
	at com.kms.katalon.core.webui.keyword.builtin.VerifyElementVisibleKeyword.execute(VerifyElementVisibleKeyword.groovy:67)
	at com.kms.katalon.core.keyword.internal.KeywordExecutor.executeKeywordForPlatform(KeywordExecutor.groovy:72)
	at com.kms.katalon.core.webui.keyword.WebUiBuiltInKeywords.verifyElementVisible(WebUiBuiltInKeywords.groovy:358)
	at com.kms.katalon.core.webui.keyword.WebUiBuiltInKeywords$verifyElementVisible$4.call(Unknown Source)
	at L-10.run(L-10:35)
	at com.kms.katalon.core.main.ScriptEngine.run(ScriptEngine.java:194)
	at com.kms.katalon.core.main.ScriptEngine.runScriptAsRawText(ScriptEngine.java:119)
	at com.kms.katalon.core.main.TestCaseExecutor.runScript(TestCaseExecutor.java:337)
	at com.kms.katalon.core.main.TestCaseExecutor.doExecute(TestCaseExecutor.java:328)
	at com.kms.katalon.core.main.TestCaseExecutor.processExecutionPhase(TestCaseExecutor.java:307)
	at com.kms.katalon.core.main.TestCaseExecutor.accessMainPhase(TestCaseExecutor.java:299)
	at com.kms.katalon.core.main.TestCaseExecutor.execute(TestCaseExecutor.java:233)
	at com.kms.katalon.core.main.TestSuiteExecutor.accessTestCaseMainPhase(TestSuiteExecutor.java:169)
	at com.kms.katalon.core.main.TestSuiteExecutor.accessTestSuiteMainPhase(TestSuiteExecutor.java:142)
	at com.kms.katalon.core.main.TestSuiteExecutor.execute(TestSuiteExecutor.java:91)
	at com.kms.katalon.core.main.TestCaseMain.startTestSuite(TestCaseMain.java:157)
	at com.kms.katalon.core.main.TestCaseMain$startTestSuite$0.call(Unknown Source)
	at TempTestSuite1588366339838.run(TempTestSuite1588366339838.groovy:36)
)
[[ATTACHMENT|C:\\Users\\Cassiz\\git\\PSTOWebkomunikator_Logowanie\\Reports\\20200501_225219\\Logowanie\\20200501_225219\\1588366453653.png]]

2020-05-01 22:54:14 - [MESSAGE][FAILED] - Unable to verify object 'Object Repository/Historia rozmów' is visible (Root cause: com.kms.katalon.core.exception.StepFailedException: Unable to verify object 'Object Repository/Historia rozmów' is visible
	at com.kms.katalon.core.webui.keyword.internal.WebUIKeywordMain.stepFailed(WebUIKeywordMain.groovy:64)
	at com.kms.katalon.core.webui.keyword.internal.WebUIKeywordMain.runKeyword(WebUIKeywordMain.groovy:26)
	at com.kms.katalon.core.webui.keyword.builtin.VerifyElementVisibleKeyword.verifyElementVisible(VerifyElementVisibleKeyword.groovy:97)
	at com.kms.katalon.core.webui.keyword.builtin.VerifyElementVisibleKeyword.execute(VerifyElementVisibleKeyword.groovy:67)
	at com.kms.katalon.core.keyword.internal.KeywordExecutor.executeKeywordForPlatform(KeywordExecutor.groovy:72)
	at com.kms.katalon.core.webui.keyword.WebUiBuiltInKeywords.verifyElementVisible(WebUiBuiltInKeywords.groovy:358)
	at com.kms.katalon.core.webui.keyword.WebUiBuiltInKeywords$verifyElementVisible$4.call(Unknown Source)
	at L-10.run(L-10:35)
	at com.kms.katalon.core.main.ScriptEngine.run(ScriptEngine.java:194)
	at com.kms.katalon.core.main.ScriptEngine.runScriptAsRawText(ScriptEngine.java:119)
	at com.kms.katalon.core.main.TestCaseExecutor.runScript(TestCaseExecutor.java:337)
	at com.kms.katalon.core.main.TestCaseExecutor.doExecute(TestCaseExecutor.java:328)
	at com.kms.katalon.core.main.TestCaseExecutor.processExecutionPhase(TestCaseExecutor.java:307)
	at com.kms.katalon.core.main.TestCaseExecutor.accessMainPhase(TestCaseExecutor.java:299)
	at com.kms.katalon.core.main.TestCaseExecutor.execute(TestCaseExecutor.java:233)
	at com.kms.katalon.core.main.TestSuiteExecutor.accessTestCaseMainPhase(TestSuiteExecutor.java:169)
	at com.kms.katalon.core.main.TestSuiteExecutor.accessTestSuiteMainPhase(TestSuiteExecutor.java:142)
	at com.kms.katalon.core.main.TestSuiteExecutor.execute(TestSuiteExecutor.java:91)
	at com.kms.katalon.core.main.TestCaseMain.startTestSuite(TestCaseMain.java:157)
	at com.kms.katalon.core.main.TestCaseMain$startTestSuite$0.call(Unknown Source)
	at TempTestSuite1588366339838.run(TempTestSuite1588366339838.groovy:36)
Caused by: com.kms.katalon.core.exception.StepFailedException: Object 'Object Repository/Historia rozmów' is NOT visible
	at com.kms.katalon.core.webui.keyword.internal.WebUIKeywordMain.stepFailed(WebUIKeywordMain.groovy:64)
	at com.kms.katalon.core.webui.keyword.builtin.VerifyElementVisibleKeyword$_verifyElementVisible_closure1.doCall(VerifyElementVisibleKeyword.groovy:83)
	at com.kms.katalon.core.webui.keyword.builtin.VerifyElementVisibleKeyword$_verifyElementVisible_closure1.call(VerifyElementVisibleKeyword.groovy)
	at com.kms.katalon.core.webui.keyword.internal.WebUIKeywordMain.runKeyword(WebUIKeywordMain.groovy:20)
	... 19 more
)
[[ATTACHMENT|C:\\Users\\Cassiz\\git\\PSTOWebkomunikator_Logowanie\\Reports\\20200501_225219\\Logowanie\\20200501_225219\\1588366453879.png]]]]></system-out>
         <system-err><![CDATA[2020-05-01 22:53:59 - [TEST_CASE][FAILED] - Test Cases/L-10: Test Cases/L-10 FAILED.
Reason:
com.kms.katalon.core.exception.StepFailedException: Unable to verify object 'Object Repository/Historia rozmów' is visible
	at com.kms.katalon.core.webui.keyword.internal.WebUIKeywordMain.stepFailed(WebUIKeywordMain.groovy:64)
	at com.kms.katalon.core.webui.keyword.internal.WebUIKeywordMain.runKeyword(WebUIKeywordMain.groovy:26)
	at com.kms.katalon.core.webui.keyword.builtin.VerifyElementVisibleKeyword.verifyElementVisible(VerifyElementVisibleKeyword.groovy:97)
	at com.kms.katalon.core.webui.keyword.builtin.VerifyElementVisibleKeyword.execute(VerifyElementVisibleKeyword.groovy:67)
	at com.kms.katalon.core.keyword.internal.KeywordExecutor.executeKeywordForPlatform(KeywordExecutor.groovy:72)
	at com.kms.katalon.core.webui.keyword.WebUiBuiltInKeywords.verifyElementVisible(WebUiBuiltInKeywords.groovy:358)
	at com.kms.katalon.core.webui.keyword.WebUiBuiltInKeywords$verifyElementVisible$4.call(Unknown Source)
	at L-10.run(L-10:35)
	at com.kms.katalon.core.main.ScriptEngine.run(ScriptEngine.java:194)
	at com.kms.katalon.core.main.ScriptEngine.runScriptAsRawText(ScriptEngine.java:119)
	at com.kms.katalon.core.main.TestCaseExecutor.runScript(TestCaseExecutor.java:337)
	at com.kms.katalon.core.main.TestCaseExecutor.doExecute(TestCaseExecutor.java:328)
	at com.kms.katalon.core.main.TestCaseExecutor.processExecutionPhase(TestCaseExecutor.java:307)
	at com.kms.katalon.core.main.TestCaseExecutor.accessMainPhase(TestCaseExecutor.java:299)
	at com.kms.katalon.core.main.TestCaseExecutor.execute(TestCaseExecutor.java:233)
	at com.kms.katalon.core.main.TestSuiteExecutor.accessTestCaseMainPhase(TestSuiteExecutor.java:169)
	at com.kms.katalon.core.main.TestSuiteExecutor.accessTestSuiteMainPhase(TestSuiteExecutor.java:142)
	at com.kms.katalon.core.main.TestSuiteExecutor.execute(TestSuiteExecutor.java:91)
	at com.kms.katalon.core.main.TestCaseMain.startTestSuite(TestCaseMain.java:157)
	at com.kms.katalon.core.main.TestCaseMain$startTestSuite$0.call(Unknown Source)
	at TempTestSuite1588366339838.run(TempTestSuite1588366339838.groovy:36)
Caused by: com.kms.katalon.core.exception.StepFailedException: Object 'Object Repository/Historia rozmów' is NOT visible
	at com.kms.katalon.core.webui.keyword.internal.WebUIKeywordMain.stepFailed(WebUIKeywordMain.groovy:64)
	at com.kms.katalon.core.webui.keyword.builtin.VerifyElementVisibleKeyword$_verifyElementVisible_closure1.doCall(VerifyElementVisibleKeyword.groovy:83)
	at com.kms.katalon.core.webui.keyword.builtin.VerifyElementVisibleKeyword$_verifyElementVisible_closure1.call(VerifyElementVisibleKeyword.groovy)
	at com.kms.katalon.core.webui.keyword.internal.WebUIKeywordMain.runKeyword(WebUIKeywordMain.groovy:20)
	... 19 more]]></system-err>
      </testcase>
      <testcase name="Test Cases/L-10" time="16.884" classname="Test Cases/L-10" status="FAILED">
         <failure type="FAILED" message="Test Cases/L-10 FAILED.
Reason:
com.kms.katalon.core.exception.StepFailedException: Unable to verify object 'Object Repository/Historia rozmów' is visible
	at com.kms.katalon.core.webui.keyword.internal.WebUIKeywordMain.stepFailed(WebUIKeywordMain.groovy:64)
	at com.kms.katalon.core.webui.keyword.internal.WebUIKeywordMain.runKeyword(WebUIKeywordMain.groovy:26)
	at com.kms.katalon.core.webui.keyword.builtin.VerifyElementVisibleKeyword.verifyElementVisible(VerifyElementVisibleKeyword.groovy:97)
	at com.kms.katalon.core.webui.keyword.builtin.VerifyElementVisibleKeyword.execute(VerifyElementVisibleKeyword.groovy:67)
	at com.kms.katalon.core.keyword.internal.KeywordExecutor.executeKeywordForPlatform(KeywordExecutor.groovy:72)
	at com.kms.katalon.core.webui.keyword.WebUiBuiltInKeywords.verifyElementVisible(WebUiBuiltInKeywords.groovy:358)
	at com.kms.katalon.core.webui.keyword.WebUiBuiltInKeywords$verifyElementVisible$4.call(Unknown Source)
	at L-10.run(L-10:35)
	at com.kms.katalon.core.main.ScriptEngine.run(ScriptEngine.java:194)
	at com.kms.katalon.core.main.ScriptEngine.runScriptAsRawText(ScriptEngine.java:119)
	at com.kms.katalon.core.main.TestCaseExecutor.runScript(TestCaseExecutor.java:337)
	at com.kms.katalon.core.main.TestCaseExecutor.doExecute(TestCaseExecutor.java:328)
	at com.kms.katalon.core.main.TestCaseExecutor.processExecutionPhase(TestCaseExecutor.java:307)
	at com.kms.katalon.core.main.TestCaseExecutor.accessMainPhase(TestCaseExecutor.java:299)
	at com.kms.katalon.core.main.TestCaseExecutor.execute(TestCaseExecutor.java:233)
	at com.kms.katalon.core.main.TestSuiteExecutor.accessTestCaseMainPhase(TestSuiteExecutor.java:169)
	at com.kms.katalon.core.main.TestSuiteExecutor.accessTestSuiteMainPhase(TestSuiteExecutor.java:142)
	at com.kms.katalon.core.main.TestSuiteExecutor.execute(TestSuiteExecutor.java:91)
	at com.kms.katalon.core.main.TestCaseMain.startTestSuite(TestCaseMain.java:157)
	at com.kms.katalon.core.main.TestCaseMain$startTestSuite$0.call(Unknown Source)
	at TempTestSuite1588366339838.run(TempTestSuite1588366339838.groovy:36)
Caused by: com.kms.katalon.core.exception.StepFailedException: Object 'Object Repository/Historia rozmów' is NOT visible
	at com.kms.katalon.core.webui.keyword.internal.WebUIKeywordMain.stepFailed(WebUIKeywordMain.groovy:64)
	at com.kms.katalon.core.webui.keyword.builtin.VerifyElementVisibleKeyword$_verifyElementVisible_closure1.doCall(VerifyElementVisibleKeyword.groovy:83)
	at com.kms.katalon.core.webui.keyword.builtin.VerifyElementVisibleKeyword$_verifyElementVisible_closure1.call(VerifyElementVisibleKeyword.groovy)
	at com.kms.katalon.core.webui.keyword.internal.WebUIKeywordMain.runKeyword(WebUIKeywordMain.groovy:20)
	... 19 more
"/>
         <system-out><![CDATA[2020-05-01 22:54:14 - [TEST_CASE][FAILED] - Test Cases/L-10: Test Cases/L-10 FAILED.
Reason:
com.kms.katalon.core.exception.StepFailedException: Unable to verify object 'Object Repository/Historia rozmów' is visible
	at com.kms.katalon.core.webui.keyword.internal.WebUIKeywordMain.stepFailed(WebUIKeywordMain.groovy:64)
	at com.kms.katalon.core.webui.keyword.internal.WebUIKeywordMain.runKeyword(WebUIKeywordMain.groovy:26)
	at com.kms.katalon.core.webui.keyword.builtin.VerifyElementVisibleKeyword.verifyElementVisible(VerifyElementVisibleKeyword.groovy:97)
	at com.kms.katalon.core.webui.keyword.builtin.VerifyElementVisibleKeyword.execute(VerifyElementVisibleKeyword.groovy:67)
	at com.kms.katalon.core.keyword.internal.KeywordExecutor.executeKeywordForPlatform(KeywordExecutor.groovy:72)
	at com.kms.katalon.core.webui.keyword.WebUiBuiltInKeywords.verifyElementVisible(WebUiBuiltInKeywords.groovy:358)
	at com.kms.katalon.core.webui.keyword.WebUiBuiltInKeywords$verifyElementVisible$4.call(Unknown Source)
	at L-10.run(L-10:35)
	at com.kms.katalon.core.main.ScriptEngine.run(ScriptEngine.java:194)
	at com.kms.katalon.core.main.ScriptEngine.runScriptAsRawText(ScriptEngine.java:119)
	at com.kms.katalon.core.main.TestCaseExecutor.runScript(TestCaseExecutor.java:337)
	at com.kms.katalon.core.main.TestCaseExecutor.doExecute(TestCaseExecutor.java:328)
	at com.kms.katalon.core.main.TestCaseExecutor.processExecutionPhase(TestCaseExecutor.java:307)
	at com.kms.katalon.core.main.TestCaseExecutor.accessMainPhase(TestCaseExecutor.java:299)
	at com.kms.katalon.core.main.TestCaseExecutor.execute(TestCaseExecutor.java:233)
	at com.kms.katalon.core.main.TestSuiteExecutor.accessTestCaseMainPhase(TestSuiteExecutor.java:169)
	at com.kms.katalon.core.main.TestSuiteExecutor.accessTestSuiteMainPhase(TestSuiteExecutor.java:142)
	at com.kms.katalon.core.main.TestSuiteExecutor.execute(TestSuiteExecutor.java:91)
	at com.kms.katalon.core.main.TestCaseMain.startTestSuite(TestCaseMain.java:157)
	at com.kms.katalon.core.main.TestCaseMain$startTestSuite$0.call(Unknown Source)
	at TempTestSuite1588366339838.run(TempTestSuite1588366339838.groovy:36)
Caused by: com.kms.katalon.core.exception.StepFailedException: Object 'Object Repository/Historia rozmów' is NOT visible
	at com.kms.katalon.core.webui.keyword.internal.WebUIKeywordMain.stepFailed(WebUIKeywordMain.groovy:64)
	at com.kms.katalon.core.webui.keyword.builtin.VerifyElementVisibleKeyword$_verifyElementVisible_closure1.doCall(VerifyElementVisibleKeyword.groovy:83)
	at com.kms.katalon.core.webui.keyword.builtin.VerifyElementVisibleKeyword$_verifyElementVisible_closure1.call(VerifyElementVisibleKeyword.groovy)
	at com.kms.katalon.core.webui.keyword.internal.WebUIKeywordMain.runKeyword(WebUIKeywordMain.groovy:20)
	... 19 more


2020-05-01 22:54:14 - [TEST_STEP][PASSED] - openBrowser(""): Browser is opened with url: ''

2020-05-01 22:54:14 - [MESSAGE][WARNING] - A browser is already opened. Closing browser and opening a new one

2020-05-01 22:54:17 - [MESSAGE][INFO] - Starting 'Firefox' driver

2020-05-01 22:54:23 - [MESSAGE][PASSED] - Browser is opened with url: ''

2020-05-01 22:54:23 - [TEST_STEP][PASSED] - navigateToUrl("http://kmg.hcm.pl/testowanie/"): Navigate to 'http://kmg.hcm.pl/testowanie/' successfully

2020-05-01 22:54:28 - [MESSAGE][PASSED] - Navigate to 'http://kmg.hcm.pl/testowanie/' successfully

2020-05-01 22:54:28 - [TEST_STEP][PASSED] - maximizeWindow(): Current window maximized

2020-05-01 22:54:28 - [MESSAGE][PASSED] - Current window maximized

2020-05-01 22:54:28 - [TEST_STEP][PASSED] - sendKeys(findTestObject("Nazwa użytkownika"), varLogin): Keys '12345' sent to object: 'Object Repository/Nazwa użytkownika'

2020-05-01 22:54:28 - [MESSAGE][PASSED] - Keys '12345' sent to object: 'Object Repository/Nazwa użytkownika'

2020-05-01 22:54:28 - [TEST_STEP][PASSED] - sendKeys(findTestObject("Hasło"), varPassword): Keys 'ilabunko' sent to object: 'Object Repository/Hasło'

2020-05-01 22:54:28 - [MESSAGE][PASSED] - Keys 'ilabunko' sent to object: 'Object Repository/Hasło'

2020-05-01 22:54:28 - [TEST_STEP][PASSED] - click(findTestObject("Button Login")): Object: 'Object Repository/Button Login' is clicked on

2020-05-01 22:54:29 - [MESSAGE][PASSED] - Object: 'Object Repository/Button Login' is clicked on

2020-05-01 22:54:29 - [TEST_STEP][PASSED] - verifyNotEqual(findTestObject("Historia rozmów"), findTestObject("Text Link Zajestruj konto")): Actual object 'TestObject - 'Object Repository/Historia rozmów'' and expected object 'TestObject - 'Object Repository/Text Link Zajestruj konto'' are not equal

2020-05-01 22:54:29 - [MESSAGE][PASSED] - Actual object 'TestObject - 'Object Repository/Historia rozmów'' and expected object 'TestObject - 'Object Repository/Text Link Zajestruj konto'' are not equal

2020-05-01 22:54:29 - [TEST_STEP][FAILED] - if (verifyElementVisible(findTestObject("Historia rozmów"), STOP_ON_FAILURE)): Unable to verify object 'Object Repository/Historia rozmów' is visible (Root cause: com.kms.katalon.core.exception.StepFailedException: Unable to verify object 'Object Repository/Historia rozmów' is visible
	at com.kms.katalon.core.webui.keyword.internal.WebUIKeywordMain.stepFailed(WebUIKeywordMain.groovy:64)
	at com.kms.katalon.core.webui.keyword.internal.WebUIKeywordMain.runKeyword(WebUIKeywordMain.groovy:26)
	at com.kms.katalon.core.webui.keyword.builtin.VerifyElementVisibleKeyword.verifyElementVisible(VerifyElementVisibleKeyword.groovy:97)
	at com.kms.katalon.core.webui.keyword.builtin.VerifyElementVisibleKeyword.execute(VerifyElementVisibleKeyword.groovy:67)
	at com.kms.katalon.core.keyword.internal.KeywordExecutor.executeKeywordForPlatform(KeywordExecutor.groovy:72)
	at com.kms.katalon.core.webui.keyword.WebUiBuiltInKeywords.verifyElementVisible(WebUiBuiltInKeywords.groovy:358)
	at com.kms.katalon.core.webui.keyword.WebUiBuiltInKeywords$verifyElementVisible$4.call(Unknown Source)
	at L-10.run(L-10:35)
	at com.kms.katalon.core.main.ScriptEngine.run(ScriptEngine.java:194)
	at com.kms.katalon.core.main.ScriptEngine.runScriptAsRawText(ScriptEngine.java:119)
	at com.kms.katalon.core.main.TestCaseExecutor.runScript(TestCaseExecutor.java:337)
	at com.kms.katalon.core.main.TestCaseExecutor.doExecute(TestCaseExecutor.java:328)
	at com.kms.katalon.core.main.TestCaseExecutor.processExecutionPhase(TestCaseExecutor.java:307)
	at com.kms.katalon.core.main.TestCaseExecutor.accessMainPhase(TestCaseExecutor.java:299)
	at com.kms.katalon.core.main.TestCaseExecutor.execute(TestCaseExecutor.java:233)
	at com.kms.katalon.core.main.TestSuiteExecutor.accessTestCaseMainPhase(TestSuiteExecutor.java:169)
	at com.kms.katalon.core.main.TestSuiteExecutor.accessTestSuiteMainPhase(TestSuiteExecutor.java:142)
	at com.kms.katalon.core.main.TestSuiteExecutor.execute(TestSuiteExecutor.java:91)
	at com.kms.katalon.core.main.TestCaseMain.startTestSuite(TestCaseMain.java:157)
	at com.kms.katalon.core.main.TestCaseMain$startTestSuite$0.call(Unknown Source)
	at TempTestSuite1588366339838.run(TempTestSuite1588366339838.groovy:36)
Caused by: com.kms.katalon.core.exception.StepFailedException: Object 'Object Repository/Historia rozmów' is NOT visible
	at com.kms.katalon.core.webui.keyword.internal.WebUIKeywordMain.stepFailed(WebUIKeywordMain.groovy:64)
	at com.kms.katalon.core.webui.keyword.builtin.VerifyElementVisibleKeyword$_verifyElementVisible_closure1.doCall(VerifyElementVisibleKeyword.groovy:83)
	at com.kms.katalon.core.webui.keyword.builtin.VerifyElementVisibleKeyword$_verifyElementVisible_closure1.call(VerifyElementVisibleKeyword.groovy)
	at com.kms.katalon.core.webui.keyword.internal.WebUIKeywordMain.runKeyword(WebUIKeywordMain.groovy:20)
	... 19 more
)

2020-05-01 22:54:30 - [MESSAGE][FAILED] - Object 'Object Repository/Historia rozmów' is NOT visible (Root cause: com.kms.katalon.core.exception.StepFailedException: Object 'Object Repository/Historia rozmów' is NOT visible
	at com.kms.katalon.core.webui.keyword.internal.WebUIKeywordMain.stepFailed(WebUIKeywordMain.groovy:64)
	at com.kms.katalon.core.webui.keyword.builtin.VerifyElementVisibleKeyword$_verifyElementVisible_closure1.doCall(VerifyElementVisibleKeyword.groovy:83)
	at com.kms.katalon.core.webui.keyword.builtin.VerifyElementVisibleKeyword$_verifyElementVisible_closure1.call(VerifyElementVisibleKeyword.groovy)
	at com.kms.katalon.core.webui.keyword.internal.WebUIKeywordMain.runKeyword(WebUIKeywordMain.groovy:20)
	at com.kms.katalon.core.webui.keyword.builtin.VerifyElementVisibleKeyword.verifyElementVisible(VerifyElementVisibleKeyword.groovy:97)
	at com.kms.katalon.core.webui.keyword.builtin.VerifyElementVisibleKeyword.execute(VerifyElementVisibleKeyword.groovy:67)
	at com.kms.katalon.core.keyword.internal.KeywordExecutor.executeKeywordForPlatform(KeywordExecutor.groovy:72)
	at com.kms.katalon.core.webui.keyword.WebUiBuiltInKeywords.verifyElementVisible(WebUiBuiltInKeywords.groovy:358)
	at com.kms.katalon.core.webui.keyword.WebUiBuiltInKeywords$verifyElementVisible$4.call(Unknown Source)
	at L-10.run(L-10:35)
	at com.kms.katalon.core.main.ScriptEngine.run(ScriptEngine.java:194)
	at com.kms.katalon.core.main.ScriptEngine.runScriptAsRawText(ScriptEngine.java:119)
	at com.kms.katalon.core.main.TestCaseExecutor.runScript(TestCaseExecutor.java:337)
	at com.kms.katalon.core.main.TestCaseExecutor.doExecute(TestCaseExecutor.java:328)
	at com.kms.katalon.core.main.TestCaseExecutor.processExecutionPhase(TestCaseExecutor.java:307)
	at com.kms.katalon.core.main.TestCaseExecutor.accessMainPhase(TestCaseExecutor.java:299)
	at com.kms.katalon.core.main.TestCaseExecutor.execute(TestCaseExecutor.java:233)
	at com.kms.katalon.core.main.TestSuiteExecutor.accessTestCaseMainPhase(TestSuiteExecutor.java:169)
	at com.kms.katalon.core.main.TestSuiteExecutor.accessTestSuiteMainPhase(TestSuiteExecutor.java:142)
	at com.kms.katalon.core.main.TestSuiteExecutor.execute(TestSuiteExecutor.java:91)
	at com.kms.katalon.core.main.TestCaseMain.startTestSuite(TestCaseMain.java:157)
	at com.kms.katalon.core.main.TestCaseMain$startTestSuite$0.call(Unknown Source)
	at TempTestSuite1588366339838.run(TempTestSuite1588366339838.groovy:36)
)
[[ATTACHMENT|C:\\Users\\Cassiz\\git\\PSTOWebkomunikator_Logowanie\\Reports\\20200501_225219\\Logowanie\\20200501_225219\\1588366470333.png]]

2020-05-01 22:54:30 - [MESSAGE][FAILED] - Unable to verify object 'Object Repository/Historia rozmów' is visible (Root cause: com.kms.katalon.core.exception.StepFailedException: Unable to verify object 'Object Repository/Historia rozmów' is visible
	at com.kms.katalon.core.webui.keyword.internal.WebUIKeywordMain.stepFailed(WebUIKeywordMain.groovy:64)
	at com.kms.katalon.core.webui.keyword.internal.WebUIKeywordMain.runKeyword(WebUIKeywordMain.groovy:26)
	at com.kms.katalon.core.webui.keyword.builtin.VerifyElementVisibleKeyword.verifyElementVisible(VerifyElementVisibleKeyword.groovy:97)
	at com.kms.katalon.core.webui.keyword.builtin.VerifyElementVisibleKeyword.execute(VerifyElementVisibleKeyword.groovy:67)
	at com.kms.katalon.core.keyword.internal.KeywordExecutor.executeKeywordForPlatform(KeywordExecutor.groovy:72)
	at com.kms.katalon.core.webui.keyword.WebUiBuiltInKeywords.verifyElementVisible(WebUiBuiltInKeywords.groovy:358)
	at com.kms.katalon.core.webui.keyword.WebUiBuiltInKeywords$verifyElementVisible$4.call(Unknown Source)
	at L-10.run(L-10:35)
	at com.kms.katalon.core.main.ScriptEngine.run(ScriptEngine.java:194)
	at com.kms.katalon.core.main.ScriptEngine.runScriptAsRawText(ScriptEngine.java:119)
	at com.kms.katalon.core.main.TestCaseExecutor.runScript(TestCaseExecutor.java:337)
	at com.kms.katalon.core.main.TestCaseExecutor.doExecute(TestCaseExecutor.java:328)
	at com.kms.katalon.core.main.TestCaseExecutor.processExecutionPhase(TestCaseExecutor.java:307)
	at com.kms.katalon.core.main.TestCaseExecutor.accessMainPhase(TestCaseExecutor.java:299)
	at com.kms.katalon.core.main.TestCaseExecutor.execute(TestCaseExecutor.java:233)
	at com.kms.katalon.core.main.TestSuiteExecutor.accessTestCaseMainPhase(TestSuiteExecutor.java:169)
	at com.kms.katalon.core.main.TestSuiteExecutor.accessTestSuiteMainPhase(TestSuiteExecutor.java:142)
	at com.kms.katalon.core.main.TestSuiteExecutor.execute(TestSuiteExecutor.java:91)
	at com.kms.katalon.core.main.TestCaseMain.startTestSuite(TestCaseMain.java:157)
	at com.kms.katalon.core.main.TestCaseMain$startTestSuite$0.call(Unknown Source)
	at TempTestSuite1588366339838.run(TempTestSuite1588366339838.groovy:36)
Caused by: com.kms.katalon.core.exception.StepFailedException: Object 'Object Repository/Historia rozmów' is NOT visible
	at com.kms.katalon.core.webui.keyword.internal.WebUIKeywordMain.stepFailed(WebUIKeywordMain.groovy:64)
	at com.kms.katalon.core.webui.keyword.builtin.VerifyElementVisibleKeyword$_verifyElementVisible_closure1.doCall(VerifyElementVisibleKeyword.groovy:83)
	at com.kms.katalon.core.webui.keyword.builtin.VerifyElementVisibleKeyword$_verifyElementVisible_closure1.call(VerifyElementVisibleKeyword.groovy)
	at com.kms.katalon.core.webui.keyword.internal.WebUIKeywordMain.runKeyword(WebUIKeywordMain.groovy:20)
	... 19 more
)
[[ATTACHMENT|C:\\Users\\Cassiz\\git\\PSTOWebkomunikator_Logowanie\\Reports\\20200501_225219\\Logowanie\\20200501_225219\\1588366470647.png]]]]></system-out>
         <system-err><![CDATA[2020-05-01 22:54:14 - [TEST_CASE][FAILED] - Test Cases/L-10: Test Cases/L-10 FAILED.
Reason:
com.kms.katalon.core.exception.StepFailedException: Unable to verify object 'Object Repository/Historia rozmów' is visible
	at com.kms.katalon.core.webui.keyword.internal.WebUIKeywordMain.stepFailed(WebUIKeywordMain.groovy:64)
	at com.kms.katalon.core.webui.keyword.internal.WebUIKeywordMain.runKeyword(WebUIKeywordMain.groovy:26)
	at com.kms.katalon.core.webui.keyword.builtin.VerifyElementVisibleKeyword.verifyElementVisible(VerifyElementVisibleKeyword.groovy:97)
	at com.kms.katalon.core.webui.keyword.builtin.VerifyElementVisibleKeyword.execute(VerifyElementVisibleKeyword.groovy:67)
	at com.kms.katalon.core.keyword.internal.KeywordExecutor.executeKeywordForPlatform(KeywordExecutor.groovy:72)
	at com.kms.katalon.core.webui.keyword.WebUiBuiltInKeywords.verifyElementVisible(WebUiBuiltInKeywords.groovy:358)
	at com.kms.katalon.core.webui.keyword.WebUiBuiltInKeywords$verifyElementVisible$4.call(Unknown Source)
	at L-10.run(L-10:35)
	at com.kms.katalon.core.main.ScriptEngine.run(ScriptEngine.java:194)
	at com.kms.katalon.core.main.ScriptEngine.runScriptAsRawText(ScriptEngine.java:119)
	at com.kms.katalon.core.main.TestCaseExecutor.runScript(TestCaseExecutor.java:337)
	at com.kms.katalon.core.main.TestCaseExecutor.doExecute(TestCaseExecutor.java:328)
	at com.kms.katalon.core.main.TestCaseExecutor.processExecutionPhase(TestCaseExecutor.java:307)
	at com.kms.katalon.core.main.TestCaseExecutor.accessMainPhase(TestCaseExecutor.java:299)
	at com.kms.katalon.core.main.TestCaseExecutor.execute(TestCaseExecutor.java:233)
	at com.kms.katalon.core.main.TestSuiteExecutor.accessTestCaseMainPhase(TestSuiteExecutor.java:169)
	at com.kms.katalon.core.main.TestSuiteExecutor.accessTestSuiteMainPhase(TestSuiteExecutor.java:142)
	at com.kms.katalon.core.main.TestSuiteExecutor.execute(TestSuiteExecutor.java:91)
	at com.kms.katalon.core.main.TestCaseMain.startTestSuite(TestCaseMain.java:157)
	at com.kms.katalon.core.main.TestCaseMain$startTestSuite$0.call(Unknown Source)
	at TempTestSuite1588366339838.run(TempTestSuite1588366339838.groovy:36)
Caused by: com.kms.katalon.core.exception.StepFailedException: Object 'Object Repository/Historia rozmów' is NOT visible
	at com.kms.katalon.core.webui.keyword.internal.WebUIKeywordMain.stepFailed(WebUIKeywordMain.groovy:64)
	at com.kms.katalon.core.webui.keyword.builtin.VerifyElementVisibleKeyword$_verifyElementVisible_closure1.doCall(VerifyElementVisibleKeyword.groovy:83)
	at com.kms.katalon.core.webui.keyword.builtin.VerifyElementVisibleKeyword$_verifyElementVisible_closure1.call(VerifyElementVisibleKeyword.groovy)
	at com.kms.katalon.core.webui.keyword.internal.WebUIKeywordMain.runKeyword(WebUIKeywordMain.groovy:20)
	... 19 more]]></system-err>
      </testcase>
      <testcase name="Test Cases/L-10" time="16.504" classname="Test Cases/L-10" status="FAILED">
         <failure type="FAILED" message="Test Cases/L-10 FAILED.
Reason:
com.kms.katalon.core.exception.StepFailedException: Unable to verify object 'Object Repository/Historia rozmów' is visible
	at com.kms.katalon.core.webui.keyword.internal.WebUIKeywordMain.stepFailed(WebUIKeywordMain.groovy:64)
	at com.kms.katalon.core.webui.keyword.internal.WebUIKeywordMain.runKeyword(WebUIKeywordMain.groovy:26)
	at com.kms.katalon.core.webui.keyword.builtin.VerifyElementVisibleKeyword.verifyElementVisible(VerifyElementVisibleKeyword.groovy:97)
	at com.kms.katalon.core.webui.keyword.builtin.VerifyElementVisibleKeyword.execute(VerifyElementVisibleKeyword.groovy:67)
	at com.kms.katalon.core.keyword.internal.KeywordExecutor.executeKeywordForPlatform(KeywordExecutor.groovy:72)
	at com.kms.katalon.core.webui.keyword.WebUiBuiltInKeywords.verifyElementVisible(WebUiBuiltInKeywords.groovy:358)
	at com.kms.katalon.core.webui.keyword.WebUiBuiltInKeywords$verifyElementVisible$4.call(Unknown Source)
	at L-10.run(L-10:35)
	at com.kms.katalon.core.main.ScriptEngine.run(ScriptEngine.java:194)
	at com.kms.katalon.core.main.ScriptEngine.runScriptAsRawText(ScriptEngine.java:119)
	at com.kms.katalon.core.main.TestCaseExecutor.runScript(TestCaseExecutor.java:337)
	at com.kms.katalon.core.main.TestCaseExecutor.doExecute(TestCaseExecutor.java:328)
	at com.kms.katalon.core.main.TestCaseExecutor.processExecutionPhase(TestCaseExecutor.java:307)
	at com.kms.katalon.core.main.TestCaseExecutor.accessMainPhase(TestCaseExecutor.java:299)
	at com.kms.katalon.core.main.TestCaseExecutor.execute(TestCaseExecutor.java:233)
	at com.kms.katalon.core.main.TestSuiteExecutor.accessTestCaseMainPhase(TestSuiteExecutor.java:169)
	at com.kms.katalon.core.main.TestSuiteExecutor.accessTestSuiteMainPhase(TestSuiteExecutor.java:142)
	at com.kms.katalon.core.main.TestSuiteExecutor.execute(TestSuiteExecutor.java:91)
	at com.kms.katalon.core.main.TestCaseMain.startTestSuite(TestCaseMain.java:157)
	at com.kms.katalon.core.main.TestCaseMain$startTestSuite$0.call(Unknown Source)
	at TempTestSuite1588366339838.run(TempTestSuite1588366339838.groovy:36)
Caused by: com.kms.katalon.core.exception.StepFailedException: Object 'Object Repository/Historia rozmów' is NOT visible
	at com.kms.katalon.core.webui.keyword.internal.WebUIKeywordMain.stepFailed(WebUIKeywordMain.groovy:64)
	at com.kms.katalon.core.webui.keyword.builtin.VerifyElementVisibleKeyword$_verifyElementVisible_closure1.doCall(VerifyElementVisibleKeyword.groovy:83)
	at com.kms.katalon.core.webui.keyword.builtin.VerifyElementVisibleKeyword$_verifyElementVisible_closure1.call(VerifyElementVisibleKeyword.groovy)
	at com.kms.katalon.core.webui.keyword.internal.WebUIKeywordMain.runKeyword(WebUIKeywordMain.groovy:20)
	... 19 more
"/>
         <system-out><![CDATA[2020-05-01 22:54:30 - [TEST_CASE][FAILED] - Test Cases/L-10: Test Cases/L-10 FAILED.
Reason:
com.kms.katalon.core.exception.StepFailedException: Unable to verify object 'Object Repository/Historia rozmów' is visible
	at com.kms.katalon.core.webui.keyword.internal.WebUIKeywordMain.stepFailed(WebUIKeywordMain.groovy:64)
	at com.kms.katalon.core.webui.keyword.internal.WebUIKeywordMain.runKeyword(WebUIKeywordMain.groovy:26)
	at com.kms.katalon.core.webui.keyword.builtin.VerifyElementVisibleKeyword.verifyElementVisible(VerifyElementVisibleKeyword.groovy:97)
	at com.kms.katalon.core.webui.keyword.builtin.VerifyElementVisibleKeyword.execute(VerifyElementVisibleKeyword.groovy:67)
	at com.kms.katalon.core.keyword.internal.KeywordExecutor.executeKeywordForPlatform(KeywordExecutor.groovy:72)
	at com.kms.katalon.core.webui.keyword.WebUiBuiltInKeywords.verifyElementVisible(WebUiBuiltInKeywords.groovy:358)
	at com.kms.katalon.core.webui.keyword.WebUiBuiltInKeywords$verifyElementVisible$4.call(Unknown Source)
	at L-10.run(L-10:35)
	at com.kms.katalon.core.main.ScriptEngine.run(ScriptEngine.java:194)
	at com.kms.katalon.core.main.ScriptEngine.runScriptAsRawText(ScriptEngine.java:119)
	at com.kms.katalon.core.main.TestCaseExecutor.runScript(TestCaseExecutor.java:337)
	at com.kms.katalon.core.main.TestCaseExecutor.doExecute(TestCaseExecutor.java:328)
	at com.kms.katalon.core.main.TestCaseExecutor.processExecutionPhase(TestCaseExecutor.java:307)
	at com.kms.katalon.core.main.TestCaseExecutor.accessMainPhase(TestCaseExecutor.java:299)
	at com.kms.katalon.core.main.TestCaseExecutor.execute(TestCaseExecutor.java:233)
	at com.kms.katalon.core.main.TestSuiteExecutor.accessTestCaseMainPhase(TestSuiteExecutor.java:169)
	at com.kms.katalon.core.main.TestSuiteExecutor.accessTestSuiteMainPhase(TestSuiteExecutor.java:142)
	at com.kms.katalon.core.main.TestSuiteExecutor.execute(TestSuiteExecutor.java:91)
	at com.kms.katalon.core.main.TestCaseMain.startTestSuite(TestCaseMain.java:157)
	at com.kms.katalon.core.main.TestCaseMain$startTestSuite$0.call(Unknown Source)
	at TempTestSuite1588366339838.run(TempTestSuite1588366339838.groovy:36)
Caused by: com.kms.katalon.core.exception.StepFailedException: Object 'Object Repository/Historia rozmów' is NOT visible
	at com.kms.katalon.core.webui.keyword.internal.WebUIKeywordMain.stepFailed(WebUIKeywordMain.groovy:64)
	at com.kms.katalon.core.webui.keyword.builtin.VerifyElementVisibleKeyword$_verifyElementVisible_closure1.doCall(VerifyElementVisibleKeyword.groovy:83)
	at com.kms.katalon.core.webui.keyword.builtin.VerifyElementVisibleKeyword$_verifyElementVisible_closure1.call(VerifyElementVisibleKeyword.groovy)
	at com.kms.katalon.core.webui.keyword.internal.WebUIKeywordMain.runKeyword(WebUIKeywordMain.groovy:20)
	... 19 more


2020-05-01 22:54:30 - [TEST_STEP][PASSED] - openBrowser(""): Browser is opened with url: ''

2020-05-01 22:54:31 - [MESSAGE][WARNING] - A browser is already opened. Closing browser and opening a new one

2020-05-01 22:54:33 - [MESSAGE][INFO] - Starting 'Firefox' driver

2020-05-01 22:54:40 - [MESSAGE][PASSED] - Browser is opened with url: ''

2020-05-01 22:54:40 - [TEST_STEP][PASSED] - navigateToUrl("http://kmg.hcm.pl/testowanie/"): Navigate to 'http://kmg.hcm.pl/testowanie/' successfully

2020-05-01 22:54:44 - [MESSAGE][PASSED] - Navigate to 'http://kmg.hcm.pl/testowanie/' successfully

2020-05-01 22:54:44 - [TEST_STEP][PASSED] - maximizeWindow(): Current window maximized

2020-05-01 22:54:44 - [MESSAGE][PASSED] - Current window maximized

2020-05-01 22:54:44 - [TEST_STEP][PASSED] - sendKeys(findTestObject("Nazwa użytkownika"), varLogin): Keys '[Iza]' sent to object: 'Object Repository/Nazwa użytkownika'

2020-05-01 22:54:44 - [MESSAGE][PASSED] - Keys '[Iza]' sent to object: 'Object Repository/Nazwa użytkownika'

2020-05-01 22:54:44 - [TEST_STEP][PASSED] - sendKeys(findTestObject("Hasło"), varPassword): Keys 'ilabunko' sent to object: 'Object Repository/Hasło'

2020-05-01 22:54:45 - [MESSAGE][PASSED] - Keys 'ilabunko' sent to object: 'Object Repository/Hasło'

2020-05-01 22:54:45 - [TEST_STEP][PASSED] - click(findTestObject("Button Login")): Object: 'Object Repository/Button Login' is clicked on

2020-05-01 22:54:46 - [MESSAGE][PASSED] - Object: 'Object Repository/Button Login' is clicked on

2020-05-01 22:54:46 - [TEST_STEP][PASSED] - verifyNotEqual(findTestObject("Historia rozmów"), findTestObject("Text Link Zajestruj konto")): Actual object 'TestObject - 'Object Repository/Historia rozmów'' and expected object 'TestObject - 'Object Repository/Text Link Zajestruj konto'' are not equal

2020-05-01 22:54:46 - [MESSAGE][PASSED] - Actual object 'TestObject - 'Object Repository/Historia rozmów'' and expected object 'TestObject - 'Object Repository/Text Link Zajestruj konto'' are not equal

2020-05-01 22:54:46 - [TEST_STEP][FAILED] - if (verifyElementVisible(findTestObject("Historia rozmów"), STOP_ON_FAILURE)): Unable to verify object 'Object Repository/Historia rozmów' is visible (Root cause: com.kms.katalon.core.exception.StepFailedException: Unable to verify object 'Object Repository/Historia rozmów' is visible
	at com.kms.katalon.core.webui.keyword.internal.WebUIKeywordMain.stepFailed(WebUIKeywordMain.groovy:64)
	at com.kms.katalon.core.webui.keyword.internal.WebUIKeywordMain.runKeyword(WebUIKeywordMain.groovy:26)
	at com.kms.katalon.core.webui.keyword.builtin.VerifyElementVisibleKeyword.verifyElementVisible(VerifyElementVisibleKeyword.groovy:97)
	at com.kms.katalon.core.webui.keyword.builtin.VerifyElementVisibleKeyword.execute(VerifyElementVisibleKeyword.groovy:67)
	at com.kms.katalon.core.keyword.internal.KeywordExecutor.executeKeywordForPlatform(KeywordExecutor.groovy:72)
	at com.kms.katalon.core.webui.keyword.WebUiBuiltInKeywords.verifyElementVisible(WebUiBuiltInKeywords.groovy:358)
	at com.kms.katalon.core.webui.keyword.WebUiBuiltInKeywords$verifyElementVisible$4.call(Unknown Source)
	at L-10.run(L-10:35)
	at com.kms.katalon.core.main.ScriptEngine.run(ScriptEngine.java:194)
	at com.kms.katalon.core.main.ScriptEngine.runScriptAsRawText(ScriptEngine.java:119)
	at com.kms.katalon.core.main.TestCaseExecutor.runScript(TestCaseExecutor.java:337)
	at com.kms.katalon.core.main.TestCaseExecutor.doExecute(TestCaseExecutor.java:328)
	at com.kms.katalon.core.main.TestCaseExecutor.processExecutionPhase(TestCaseExecutor.java:307)
	at com.kms.katalon.core.main.TestCaseExecutor.accessMainPhase(TestCaseExecutor.java:299)
	at com.kms.katalon.core.main.TestCaseExecutor.execute(TestCaseExecutor.java:233)
	at com.kms.katalon.core.main.TestSuiteExecutor.accessTestCaseMainPhase(TestSuiteExecutor.java:169)
	at com.kms.katalon.core.main.TestSuiteExecutor.accessTestSuiteMainPhase(TestSuiteExecutor.java:142)
	at com.kms.katalon.core.main.TestSuiteExecutor.execute(TestSuiteExecutor.java:91)
	at com.kms.katalon.core.main.TestCaseMain.startTestSuite(TestCaseMain.java:157)
	at com.kms.katalon.core.main.TestCaseMain$startTestSuite$0.call(Unknown Source)
	at TempTestSuite1588366339838.run(TempTestSuite1588366339838.groovy:36)
Caused by: com.kms.katalon.core.exception.StepFailedException: Object 'Object Repository/Historia rozmów' is NOT visible
	at com.kms.katalon.core.webui.keyword.internal.WebUIKeywordMain.stepFailed(WebUIKeywordMain.groovy:64)
	at com.kms.katalon.core.webui.keyword.builtin.VerifyElementVisibleKeyword$_verifyElementVisible_closure1.doCall(VerifyElementVisibleKeyword.groovy:83)
	at com.kms.katalon.core.webui.keyword.builtin.VerifyElementVisibleKeyword$_verifyElementVisible_closure1.call(VerifyElementVisibleKeyword.groovy)
	at com.kms.katalon.core.webui.keyword.internal.WebUIKeywordMain.runKeyword(WebUIKeywordMain.groovy:20)
	... 19 more
)

2020-05-01 22:54:47 - [MESSAGE][FAILED] - Object 'Object Repository/Historia rozmów' is NOT visible (Root cause: com.kms.katalon.core.exception.StepFailedException: Object 'Object Repository/Historia rozmów' is NOT visible
	at com.kms.katalon.core.webui.keyword.internal.WebUIKeywordMain.stepFailed(WebUIKeywordMain.groovy:64)
	at com.kms.katalon.core.webui.keyword.builtin.VerifyElementVisibleKeyword$_verifyElementVisible_closure1.doCall(VerifyElementVisibleKeyword.groovy:83)
	at com.kms.katalon.core.webui.keyword.builtin.VerifyElementVisibleKeyword$_verifyElementVisible_closure1.call(VerifyElementVisibleKeyword.groovy)
	at com.kms.katalon.core.webui.keyword.internal.WebUIKeywordMain.runKeyword(WebUIKeywordMain.groovy:20)
	at com.kms.katalon.core.webui.keyword.builtin.VerifyElementVisibleKeyword.verifyElementVisible(VerifyElementVisibleKeyword.groovy:97)
	at com.kms.katalon.core.webui.keyword.builtin.VerifyElementVisibleKeyword.execute(VerifyElementVisibleKeyword.groovy:67)
	at com.kms.katalon.core.keyword.internal.KeywordExecutor.executeKeywordForPlatform(KeywordExecutor.groovy:72)
	at com.kms.katalon.core.webui.keyword.WebUiBuiltInKeywords.verifyElementVisible(WebUiBuiltInKeywords.groovy:358)
	at com.kms.katalon.core.webui.keyword.WebUiBuiltInKeywords$verifyElementVisible$4.call(Unknown Source)
	at L-10.run(L-10:35)
	at com.kms.katalon.core.main.ScriptEngine.run(ScriptEngine.java:194)
	at com.kms.katalon.core.main.ScriptEngine.runScriptAsRawText(ScriptEngine.java:119)
	at com.kms.katalon.core.main.TestCaseExecutor.runScript(TestCaseExecutor.java:337)
	at com.kms.katalon.core.main.TestCaseExecutor.doExecute(TestCaseExecutor.java:328)
	at com.kms.katalon.core.main.TestCaseExecutor.processExecutionPhase(TestCaseExecutor.java:307)
	at com.kms.katalon.core.main.TestCaseExecutor.accessMainPhase(TestCaseExecutor.java:299)
	at com.kms.katalon.core.main.TestCaseExecutor.execute(TestCaseExecutor.java:233)
	at com.kms.katalon.core.main.TestSuiteExecutor.accessTestCaseMainPhase(TestSuiteExecutor.java:169)
	at com.kms.katalon.core.main.TestSuiteExecutor.accessTestSuiteMainPhase(TestSuiteExecutor.java:142)
	at com.kms.katalon.core.main.TestSuiteExecutor.execute(TestSuiteExecutor.java:91)
	at com.kms.katalon.core.main.TestCaseMain.startTestSuite(TestCaseMain.java:157)
	at com.kms.katalon.core.main.TestCaseMain$startTestSuite$0.call(Unknown Source)
	at TempTestSuite1588366339838.run(TempTestSuite1588366339838.groovy:36)
)
[[ATTACHMENT|C:\\Users\\Cassiz\\git\\PSTOWebkomunikator_Logowanie\\Reports\\20200501_225219\\Logowanie\\20200501_225219\\1588366486953.png]]

2020-05-01 22:54:47 - [MESSAGE][FAILED] - Unable to verify object 'Object Repository/Historia rozmów' is visible (Root cause: com.kms.katalon.core.exception.StepFailedException: Unable to verify object 'Object Repository/Historia rozmów' is visible
	at com.kms.katalon.core.webui.keyword.internal.WebUIKeywordMain.stepFailed(WebUIKeywordMain.groovy:64)
	at com.kms.katalon.core.webui.keyword.internal.WebUIKeywordMain.runKeyword(WebUIKeywordMain.groovy:26)
	at com.kms.katalon.core.webui.keyword.builtin.VerifyElementVisibleKeyword.verifyElementVisible(VerifyElementVisibleKeyword.groovy:97)
	at com.kms.katalon.core.webui.keyword.builtin.VerifyElementVisibleKeyword.execute(VerifyElementVisibleKeyword.groovy:67)
	at com.kms.katalon.core.keyword.internal.KeywordExecutor.executeKeywordForPlatform(KeywordExecutor.groovy:72)
	at com.kms.katalon.core.webui.keyword.WebUiBuiltInKeywords.verifyElementVisible(WebUiBuiltInKeywords.groovy:358)
	at com.kms.katalon.core.webui.keyword.WebUiBuiltInKeywords$verifyElementVisible$4.call(Unknown Source)
	at L-10.run(L-10:35)
	at com.kms.katalon.core.main.ScriptEngine.run(ScriptEngine.java:194)
	at com.kms.katalon.core.main.ScriptEngine.runScriptAsRawText(ScriptEngine.java:119)
	at com.kms.katalon.core.main.TestCaseExecutor.runScript(TestCaseExecutor.java:337)
	at com.kms.katalon.core.main.TestCaseExecutor.doExecute(TestCaseExecutor.java:328)
	at com.kms.katalon.core.main.TestCaseExecutor.processExecutionPhase(TestCaseExecutor.java:307)
	at com.kms.katalon.core.main.TestCaseExecutor.accessMainPhase(TestCaseExecutor.java:299)
	at com.kms.katalon.core.main.TestCaseExecutor.execute(TestCaseExecutor.java:233)
	at com.kms.katalon.core.main.TestSuiteExecutor.accessTestCaseMainPhase(TestSuiteExecutor.java:169)
	at com.kms.katalon.core.main.TestSuiteExecutor.accessTestSuiteMainPhase(TestSuiteExecutor.java:142)
	at com.kms.katalon.core.main.TestSuiteExecutor.execute(TestSuiteExecutor.java:91)
	at com.kms.katalon.core.main.TestCaseMain.startTestSuite(TestCaseMain.java:157)
	at com.kms.katalon.core.main.TestCaseMain$startTestSuite$0.call(Unknown Source)
	at TempTestSuite1588366339838.run(TempTestSuite1588366339838.groovy:36)
Caused by: com.kms.katalon.core.exception.StepFailedException: Object 'Object Repository/Historia rozmów' is NOT visible
	at com.kms.katalon.core.webui.keyword.internal.WebUIKeywordMain.stepFailed(WebUIKeywordMain.groovy:64)
	at com.kms.katalon.core.webui.keyword.builtin.VerifyElementVisibleKeyword$_verifyElementVisible_closure1.doCall(VerifyElementVisibleKeyword.groovy:83)
	at com.kms.katalon.core.webui.keyword.builtin.VerifyElementVisibleKeyword$_verifyElementVisible_closure1.call(VerifyElementVisibleKeyword.groovy)
	at com.kms.katalon.core.webui.keyword.internal.WebUIKeywordMain.runKeyword(WebUIKeywordMain.groovy:20)
	... 19 more
)
[[ATTACHMENT|C:\\Users\\Cassiz\\git\\PSTOWebkomunikator_Logowanie\\Reports\\20200501_225219\\Logowanie\\20200501_225219\\1588366487222.png]]]]></system-out>
         <system-err><![CDATA[2020-05-01 22:54:30 - [TEST_CASE][FAILED] - Test Cases/L-10: Test Cases/L-10 FAILED.
Reason:
com.kms.katalon.core.exception.StepFailedException: Unable to verify object 'Object Repository/Historia rozmów' is visible
	at com.kms.katalon.core.webui.keyword.internal.WebUIKeywordMain.stepFailed(WebUIKeywordMain.groovy:64)
	at com.kms.katalon.core.webui.keyword.internal.WebUIKeywordMain.runKeyword(WebUIKeywordMain.groovy:26)
	at com.kms.katalon.core.webui.keyword.builtin.VerifyElementVisibleKeyword.verifyElementVisible(VerifyElementVisibleKeyword.groovy:97)
	at com.kms.katalon.core.webui.keyword.builtin.VerifyElementVisibleKeyword.execute(VerifyElementVisibleKeyword.groovy:67)
	at com.kms.katalon.core.keyword.internal.KeywordExecutor.executeKeywordForPlatform(KeywordExecutor.groovy:72)
	at com.kms.katalon.core.webui.keyword.WebUiBuiltInKeywords.verifyElementVisible(WebUiBuiltInKeywords.groovy:358)
	at com.kms.katalon.core.webui.keyword.WebUiBuiltInKeywords$verifyElementVisible$4.call(Unknown Source)
	at L-10.run(L-10:35)
	at com.kms.katalon.core.main.ScriptEngine.run(ScriptEngine.java:194)
	at com.kms.katalon.core.main.ScriptEngine.runScriptAsRawText(ScriptEngine.java:119)
	at com.kms.katalon.core.main.TestCaseExecutor.runScript(TestCaseExecutor.java:337)
	at com.kms.katalon.core.main.TestCaseExecutor.doExecute(TestCaseExecutor.java:328)
	at com.kms.katalon.core.main.TestCaseExecutor.processExecutionPhase(TestCaseExecutor.java:307)
	at com.kms.katalon.core.main.TestCaseExecutor.accessMainPhase(TestCaseExecutor.java:299)
	at com.kms.katalon.core.main.TestCaseExecutor.execute(TestCaseExecutor.java:233)
	at com.kms.katalon.core.main.TestSuiteExecutor.accessTestCaseMainPhase(TestSuiteExecutor.java:169)
	at com.kms.katalon.core.main.TestSuiteExecutor.accessTestSuiteMainPhase(TestSuiteExecutor.java:142)
	at com.kms.katalon.core.main.TestSuiteExecutor.execute(TestSuiteExecutor.java:91)
	at com.kms.katalon.core.main.TestCaseMain.startTestSuite(TestCaseMain.java:157)
	at com.kms.katalon.core.main.TestCaseMain$startTestSuite$0.call(Unknown Source)
	at TempTestSuite1588366339838.run(TempTestSuite1588366339838.groovy:36)
Caused by: com.kms.katalon.core.exception.StepFailedException: Object 'Object Repository/Historia rozmów' is NOT visible
	at com.kms.katalon.core.webui.keyword.internal.WebUIKeywordMain.stepFailed(WebUIKeywordMain.groovy:64)
	at com.kms.katalon.core.webui.keyword.builtin.VerifyElementVisibleKeyword$_verifyElementVisible_closure1.doCall(VerifyElementVisibleKeyword.groovy:83)
	at com.kms.katalon.core.webui.keyword.builtin.VerifyElementVisibleKeyword$_verifyElementVisible_closure1.call(VerifyElementVisibleKeyword.groovy)
	at com.kms.katalon.core.webui.keyword.internal.WebUIKeywordMain.runKeyword(WebUIKeywordMain.groovy:20)
	... 19 more]]></system-err>
      </testcase>
      <testcase name="Test Cases/L-10" time="15.365" classname="Test Cases/L-10" status="FAILED">
         <failure type="FAILED" message="Test Cases/L-10 FAILED.
Reason:
com.kms.katalon.core.exception.StepFailedException: Unable to verify object 'Object Repository/Historia rozmów' is visible
	at com.kms.katalon.core.webui.keyword.internal.WebUIKeywordMain.stepFailed(WebUIKeywordMain.groovy:64)
	at com.kms.katalon.core.webui.keyword.internal.WebUIKeywordMain.runKeyword(WebUIKeywordMain.groovy:26)
	at com.kms.katalon.core.webui.keyword.builtin.VerifyElementVisibleKeyword.verifyElementVisible(VerifyElementVisibleKeyword.groovy:97)
	at com.kms.katalon.core.webui.keyword.builtin.VerifyElementVisibleKeyword.execute(VerifyElementVisibleKeyword.groovy:67)
	at com.kms.katalon.core.keyword.internal.KeywordExecutor.executeKeywordForPlatform(KeywordExecutor.groovy:72)
	at com.kms.katalon.core.webui.keyword.WebUiBuiltInKeywords.verifyElementVisible(WebUiBuiltInKeywords.groovy:358)
	at com.kms.katalon.core.webui.keyword.WebUiBuiltInKeywords$verifyElementVisible$4.call(Unknown Source)
	at L-10.run(L-10:35)
	at com.kms.katalon.core.main.ScriptEngine.run(ScriptEngine.java:194)
	at com.kms.katalon.core.main.ScriptEngine.runScriptAsRawText(ScriptEngine.java:119)
	at com.kms.katalon.core.main.TestCaseExecutor.runScript(TestCaseExecutor.java:337)
	at com.kms.katalon.core.main.TestCaseExecutor.doExecute(TestCaseExecutor.java:328)
	at com.kms.katalon.core.main.TestCaseExecutor.processExecutionPhase(TestCaseExecutor.java:307)
	at com.kms.katalon.core.main.TestCaseExecutor.accessMainPhase(TestCaseExecutor.java:299)
	at com.kms.katalon.core.main.TestCaseExecutor.execute(TestCaseExecutor.java:233)
	at com.kms.katalon.core.main.TestSuiteExecutor.accessTestCaseMainPhase(TestSuiteExecutor.java:169)
	at com.kms.katalon.core.main.TestSuiteExecutor.accessTestSuiteMainPhase(TestSuiteExecutor.java:142)
	at com.kms.katalon.core.main.TestSuiteExecutor.execute(TestSuiteExecutor.java:91)
	at com.kms.katalon.core.main.TestCaseMain.startTestSuite(TestCaseMain.java:157)
	at com.kms.katalon.core.main.TestCaseMain$startTestSuite$0.call(Unknown Source)
	at TempTestSuite1588366339838.run(TempTestSuite1588366339838.groovy:36)
Caused by: com.kms.katalon.core.exception.StepFailedException: Object 'Object Repository/Historia rozmów' is NOT visible
	at com.kms.katalon.core.webui.keyword.internal.WebUIKeywordMain.stepFailed(WebUIKeywordMain.groovy:64)
	at com.kms.katalon.core.webui.keyword.builtin.VerifyElementVisibleKeyword$_verifyElementVisible_closure1.doCall(VerifyElementVisibleKeyword.groovy:83)
	at com.kms.katalon.core.webui.keyword.builtin.VerifyElementVisibleKeyword$_verifyElementVisible_closure1.call(VerifyElementVisibleKeyword.groovy)
	at com.kms.katalon.core.webui.keyword.internal.WebUIKeywordMain.runKeyword(WebUIKeywordMain.groovy:20)
	... 19 more
"/>
         <system-out><![CDATA[2020-05-01 22:54:47 - [TEST_CASE][FAILED] - Test Cases/L-10: Test Cases/L-10 FAILED.
Reason:
com.kms.katalon.core.exception.StepFailedException: Unable to verify object 'Object Repository/Historia rozmów' is visible
	at com.kms.katalon.core.webui.keyword.internal.WebUIKeywordMain.stepFailed(WebUIKeywordMain.groovy:64)
	at com.kms.katalon.core.webui.keyword.internal.WebUIKeywordMain.runKeyword(WebUIKeywordMain.groovy:26)
	at com.kms.katalon.core.webui.keyword.builtin.VerifyElementVisibleKeyword.verifyElementVisible(VerifyElementVisibleKeyword.groovy:97)
	at com.kms.katalon.core.webui.keyword.builtin.VerifyElementVisibleKeyword.execute(VerifyElementVisibleKeyword.groovy:67)
	at com.kms.katalon.core.keyword.internal.KeywordExecutor.executeKeywordForPlatform(KeywordExecutor.groovy:72)
	at com.kms.katalon.core.webui.keyword.WebUiBuiltInKeywords.verifyElementVisible(WebUiBuiltInKeywords.groovy:358)
	at com.kms.katalon.core.webui.keyword.WebUiBuiltInKeywords$verifyElementVisible$4.call(Unknown Source)
	at L-10.run(L-10:35)
	at com.kms.katalon.core.main.ScriptEngine.run(ScriptEngine.java:194)
	at com.kms.katalon.core.main.ScriptEngine.runScriptAsRawText(ScriptEngine.java:119)
	at com.kms.katalon.core.main.TestCaseExecutor.runScript(TestCaseExecutor.java:337)
	at com.kms.katalon.core.main.TestCaseExecutor.doExecute(TestCaseExecutor.java:328)
	at com.kms.katalon.core.main.TestCaseExecutor.processExecutionPhase(TestCaseExecutor.java:307)
	at com.kms.katalon.core.main.TestCaseExecutor.accessMainPhase(TestCaseExecutor.java:299)
	at com.kms.katalon.core.main.TestCaseExecutor.execute(TestCaseExecutor.java:233)
	at com.kms.katalon.core.main.TestSuiteExecutor.accessTestCaseMainPhase(TestSuiteExecutor.java:169)
	at com.kms.katalon.core.main.TestSuiteExecutor.accessTestSuiteMainPhase(TestSuiteExecutor.java:142)
	at com.kms.katalon.core.main.TestSuiteExecutor.execute(TestSuiteExecutor.java:91)
	at com.kms.katalon.core.main.TestCaseMain.startTestSuite(TestCaseMain.java:157)
	at com.kms.katalon.core.main.TestCaseMain$startTestSuite$0.call(Unknown Source)
	at TempTestSuite1588366339838.run(TempTestSuite1588366339838.groovy:36)
Caused by: com.kms.katalon.core.exception.StepFailedException: Object 'Object Repository/Historia rozmów' is NOT visible
	at com.kms.katalon.core.webui.keyword.internal.WebUIKeywordMain.stepFailed(WebUIKeywordMain.groovy:64)
	at com.kms.katalon.core.webui.keyword.builtin.VerifyElementVisibleKeyword$_verifyElementVisible_closure1.doCall(VerifyElementVisibleKeyword.groovy:83)
	at com.kms.katalon.core.webui.keyword.builtin.VerifyElementVisibleKeyword$_verifyElementVisible_closure1.call(VerifyElementVisibleKeyword.groovy)
	at com.kms.katalon.core.webui.keyword.internal.WebUIKeywordMain.runKeyword(WebUIKeywordMain.groovy:20)
	... 19 more


2020-05-01 22:54:47 - [TEST_STEP][PASSED] - openBrowser(""): Browser is opened with url: ''

2020-05-01 22:54:47 - [MESSAGE][WARNING] - A browser is already opened. Closing browser and opening a new one

2020-05-01 22:54:50 - [MESSAGE][INFO] - Starting 'Firefox' driver

2020-05-01 22:54:58 - [MESSAGE][PASSED] - Browser is opened with url: ''

2020-05-01 22:54:58 - [TEST_STEP][PASSED] - navigateToUrl("http://kmg.hcm.pl/testowanie/"): Navigate to 'http://kmg.hcm.pl/testowanie/' successfully

2020-05-01 22:55:00 - [MESSAGE][PASSED] - Navigate to 'http://kmg.hcm.pl/testowanie/' successfully

2020-05-01 22:55:00 - [TEST_STEP][PASSED] - maximizeWindow(): Current window maximized

2020-05-01 22:55:00 - [MESSAGE][PASSED] - Current window maximized

2020-05-01 22:55:00 - [TEST_STEP][PASSED] - sendKeys(findTestObject("Nazwa użytkownika"), varLogin): Keys '[a-zA-Z]' sent to object: 'Object Repository/Nazwa użytkownika'

2020-05-01 22:55:01 - [MESSAGE][PASSED] - Keys '[a-zA-Z]' sent to object: 'Object Repository/Nazwa użytkownika'

2020-05-01 22:55:01 - [TEST_STEP][PASSED] - sendKeys(findTestObject("Hasło"), varPassword): Keys 'ilabunko' sent to object: 'Object Repository/Hasło'

2020-05-01 22:55:01 - [MESSAGE][PASSED] - Keys 'ilabunko' sent to object: 'Object Repository/Hasło'

2020-05-01 22:55:01 - [TEST_STEP][PASSED] - click(findTestObject("Button Login")): Object: 'Object Repository/Button Login' is clicked on

2020-05-01 22:55:02 - [MESSAGE][PASSED] - Object: 'Object Repository/Button Login' is clicked on

2020-05-01 22:55:02 - [TEST_STEP][PASSED] - verifyNotEqual(findTestObject("Historia rozmów"), findTestObject("Text Link Zajestruj konto")): Actual object 'TestObject - 'Object Repository/Historia rozmów'' and expected object 'TestObject - 'Object Repository/Text Link Zajestruj konto'' are not equal

2020-05-01 22:55:02 - [MESSAGE][PASSED] - Actual object 'TestObject - 'Object Repository/Historia rozmów'' and expected object 'TestObject - 'Object Repository/Text Link Zajestruj konto'' are not equal

2020-05-01 22:55:02 - [TEST_STEP][FAILED] - if (verifyElementVisible(findTestObject("Historia rozmów"), STOP_ON_FAILURE)): Unable to verify object 'Object Repository/Historia rozmów' is visible (Root cause: com.kms.katalon.core.exception.StepFailedException: Unable to verify object 'Object Repository/Historia rozmów' is visible
	at com.kms.katalon.core.webui.keyword.internal.WebUIKeywordMain.stepFailed(WebUIKeywordMain.groovy:64)
	at com.kms.katalon.core.webui.keyword.internal.WebUIKeywordMain.runKeyword(WebUIKeywordMain.groovy:26)
	at com.kms.katalon.core.webui.keyword.builtin.VerifyElementVisibleKeyword.verifyElementVisible(VerifyElementVisibleKeyword.groovy:97)
	at com.kms.katalon.core.webui.keyword.builtin.VerifyElementVisibleKeyword.execute(VerifyElementVisibleKeyword.groovy:67)
	at com.kms.katalon.core.keyword.internal.KeywordExecutor.executeKeywordForPlatform(KeywordExecutor.groovy:72)
	at com.kms.katalon.core.webui.keyword.WebUiBuiltInKeywords.verifyElementVisible(WebUiBuiltInKeywords.groovy:358)
	at com.kms.katalon.core.webui.keyword.WebUiBuiltInKeywords$verifyElementVisible$4.call(Unknown Source)
	at L-10.run(L-10:35)
	at com.kms.katalon.core.main.ScriptEngine.run(ScriptEngine.java:194)
	at com.kms.katalon.core.main.ScriptEngine.runScriptAsRawText(ScriptEngine.java:119)
	at com.kms.katalon.core.main.TestCaseExecutor.runScript(TestCaseExecutor.java:337)
	at com.kms.katalon.core.main.TestCaseExecutor.doExecute(TestCaseExecutor.java:328)
	at com.kms.katalon.core.main.TestCaseExecutor.processExecutionPhase(TestCaseExecutor.java:307)
	at com.kms.katalon.core.main.TestCaseExecutor.accessMainPhase(TestCaseExecutor.java:299)
	at com.kms.katalon.core.main.TestCaseExecutor.execute(TestCaseExecutor.java:233)
	at com.kms.katalon.core.main.TestSuiteExecutor.accessTestCaseMainPhase(TestSuiteExecutor.java:169)
	at com.kms.katalon.core.main.TestSuiteExecutor.accessTestSuiteMainPhase(TestSuiteExecutor.java:142)
	at com.kms.katalon.core.main.TestSuiteExecutor.execute(TestSuiteExecutor.java:91)
	at com.kms.katalon.core.main.TestCaseMain.startTestSuite(TestCaseMain.java:157)
	at com.kms.katalon.core.main.TestCaseMain$startTestSuite$0.call(Unknown Source)
	at TempTestSuite1588366339838.run(TempTestSuite1588366339838.groovy:36)
Caused by: com.kms.katalon.core.exception.StepFailedException: Object 'Object Repository/Historia rozmów' is NOT visible
	at com.kms.katalon.core.webui.keyword.internal.WebUIKeywordMain.stepFailed(WebUIKeywordMain.groovy:64)
	at com.kms.katalon.core.webui.keyword.builtin.VerifyElementVisibleKeyword$_verifyElementVisible_closure1.doCall(VerifyElementVisibleKeyword.groovy:83)
	at com.kms.katalon.core.webui.keyword.builtin.VerifyElementVisibleKeyword$_verifyElementVisible_closure1.call(VerifyElementVisibleKeyword.groovy)
	at com.kms.katalon.core.webui.keyword.internal.WebUIKeywordMain.runKeyword(WebUIKeywordMain.groovy:20)
	... 19 more
)

2020-05-01 22:55:02 - [MESSAGE][FAILED] - Object 'Object Repository/Historia rozmów' is NOT visible (Root cause: com.kms.katalon.core.exception.StepFailedException: Object 'Object Repository/Historia rozmów' is NOT visible
	at com.kms.katalon.core.webui.keyword.internal.WebUIKeywordMain.stepFailed(WebUIKeywordMain.groovy:64)
	at com.kms.katalon.core.webui.keyword.builtin.VerifyElementVisibleKeyword$_verifyElementVisible_closure1.doCall(VerifyElementVisibleKeyword.groovy:83)
	at com.kms.katalon.core.webui.keyword.builtin.VerifyElementVisibleKeyword$_verifyElementVisible_closure1.call(VerifyElementVisibleKeyword.groovy)
	at com.kms.katalon.core.webui.keyword.internal.WebUIKeywordMain.runKeyword(WebUIKeywordMain.groovy:20)
	at com.kms.katalon.core.webui.keyword.builtin.VerifyElementVisibleKeyword.verifyElementVisible(VerifyElementVisibleKeyword.groovy:97)
	at com.kms.katalon.core.webui.keyword.builtin.VerifyElementVisibleKeyword.execute(VerifyElementVisibleKeyword.groovy:67)
	at com.kms.katalon.core.keyword.internal.KeywordExecutor.executeKeywordForPlatform(KeywordExecutor.groovy:72)
	at com.kms.katalon.core.webui.keyword.WebUiBuiltInKeywords.verifyElementVisible(WebUiBuiltInKeywords.groovy:358)
	at com.kms.katalon.core.webui.keyword.WebUiBuiltInKeywords$verifyElementVisible$4.call(Unknown Source)
	at L-10.run(L-10:35)
	at com.kms.katalon.core.main.ScriptEngine.run(ScriptEngine.java:194)
	at com.kms.katalon.core.main.ScriptEngine.runScriptAsRawText(ScriptEngine.java:119)
	at com.kms.katalon.core.main.TestCaseExecutor.runScript(TestCaseExecutor.java:337)
	at com.kms.katalon.core.main.TestCaseExecutor.doExecute(TestCaseExecutor.java:328)
	at com.kms.katalon.core.main.TestCaseExecutor.processExecutionPhase(TestCaseExecutor.java:307)
	at com.kms.katalon.core.main.TestCaseExecutor.accessMainPhase(TestCaseExecutor.java:299)
	at com.kms.katalon.core.main.TestCaseExecutor.execute(TestCaseExecutor.java:233)
	at com.kms.katalon.core.main.TestSuiteExecutor.accessTestCaseMainPhase(TestSuiteExecutor.java:169)
	at com.kms.katalon.core.main.TestSuiteExecutor.accessTestSuiteMainPhase(TestSuiteExecutor.java:142)
	at com.kms.katalon.core.main.TestSuiteExecutor.execute(TestSuiteExecutor.java:91)
	at com.kms.katalon.core.main.TestCaseMain.startTestSuite(TestCaseMain.java:157)
	at com.kms.katalon.core.main.TestCaseMain$startTestSuite$0.call(Unknown Source)
	at TempTestSuite1588366339838.run(TempTestSuite1588366339838.groovy:36)
)
[[ATTACHMENT|C:\\Users\\Cassiz\\git\\PSTOWebkomunikator_Logowanie\\Reports\\20200501_225219\\Logowanie\\20200501_225219\\1588366502598.png]]

2020-05-01 22:55:02 - [MESSAGE][FAILED] - Unable to verify object 'Object Repository/Historia rozmów' is visible (Root cause: com.kms.katalon.core.exception.StepFailedException: Unable to verify object 'Object Repository/Historia rozmów' is visible
	at com.kms.katalon.core.webui.keyword.internal.WebUIKeywordMain.stepFailed(WebUIKeywordMain.groovy:64)
	at com.kms.katalon.core.webui.keyword.internal.WebUIKeywordMain.runKeyword(WebUIKeywordMain.groovy:26)
	at com.kms.katalon.core.webui.keyword.builtin.VerifyElementVisibleKeyword.verifyElementVisible(VerifyElementVisibleKeyword.groovy:97)
	at com.kms.katalon.core.webui.keyword.builtin.VerifyElementVisibleKeyword.execute(VerifyElementVisibleKeyword.groovy:67)
	at com.kms.katalon.core.keyword.internal.KeywordExecutor.executeKeywordForPlatform(KeywordExecutor.groovy:72)
	at com.kms.katalon.core.webui.keyword.WebUiBuiltInKeywords.verifyElementVisible(WebUiBuiltInKeywords.groovy:358)
	at com.kms.katalon.core.webui.keyword.WebUiBuiltInKeywords$verifyElementVisible$4.call(Unknown Source)
	at L-10.run(L-10:35)
	at com.kms.katalon.core.main.ScriptEngine.run(ScriptEngine.java:194)
	at com.kms.katalon.core.main.ScriptEngine.runScriptAsRawText(ScriptEngine.java:119)
	at com.kms.katalon.core.main.TestCaseExecutor.runScript(TestCaseExecutor.java:337)
	at com.kms.katalon.core.main.TestCaseExecutor.doExecute(TestCaseExecutor.java:328)
	at com.kms.katalon.core.main.TestCaseExecutor.processExecutionPhase(TestCaseExecutor.java:307)
	at com.kms.katalon.core.main.TestCaseExecutor.accessMainPhase(TestCaseExecutor.java:299)
	at com.kms.katalon.core.main.TestCaseExecutor.execute(TestCaseExecutor.java:233)
	at com.kms.katalon.core.main.TestSuiteExecutor.accessTestCaseMainPhase(TestSuiteExecutor.java:169)
	at com.kms.katalon.core.main.TestSuiteExecutor.accessTestSuiteMainPhase(TestSuiteExecutor.java:142)
	at com.kms.katalon.core.main.TestSuiteExecutor.execute(TestSuiteExecutor.java:91)
	at com.kms.katalon.core.main.TestCaseMain.startTestSuite(TestCaseMain.java:157)
	at com.kms.katalon.core.main.TestCaseMain$startTestSuite$0.call(Unknown Source)
	at TempTestSuite1588366339838.run(TempTestSuite1588366339838.groovy:36)
Caused by: com.kms.katalon.core.exception.StepFailedException: Object 'Object Repository/Historia rozmów' is NOT visible
	at com.kms.katalon.core.webui.keyword.internal.WebUIKeywordMain.stepFailed(WebUIKeywordMain.groovy:64)
	at com.kms.katalon.core.webui.keyword.builtin.VerifyElementVisibleKeyword$_verifyElementVisible_closure1.doCall(VerifyElementVisibleKeyword.groovy:83)
	at com.kms.katalon.core.webui.keyword.builtin.VerifyElementVisibleKeyword$_verifyElementVisible_closure1.call(VerifyElementVisibleKeyword.groovy)
	at com.kms.katalon.core.webui.keyword.internal.WebUIKeywordMain.runKeyword(WebUIKeywordMain.groovy:20)
	... 19 more
)
[[ATTACHMENT|C:\\Users\\Cassiz\\git\\PSTOWebkomunikator_Logowanie\\Reports\\20200501_225219\\Logowanie\\20200501_225219\\1588366502734.png]]]]></system-out>
         <system-err><![CDATA[2020-05-01 22:54:47 - [TEST_CASE][FAILED] - Test Cases/L-10: Test Cases/L-10 FAILED.
Reason:
com.kms.katalon.core.exception.StepFailedException: Unable to verify object 'Object Repository/Historia rozmów' is visible
	at com.kms.katalon.core.webui.keyword.internal.WebUIKeywordMain.stepFailed(WebUIKeywordMain.groovy:64)
	at com.kms.katalon.core.webui.keyword.internal.WebUIKeywordMain.runKeyword(WebUIKeywordMain.groovy:26)
	at com.kms.katalon.core.webui.keyword.builtin.VerifyElementVisibleKeyword.verifyElementVisible(VerifyElementVisibleKeyword.groovy:97)
	at com.kms.katalon.core.webui.keyword.builtin.VerifyElementVisibleKeyword.execute(VerifyElementVisibleKeyword.groovy:67)
	at com.kms.katalon.core.keyword.internal.KeywordExecutor.executeKeywordForPlatform(KeywordExecutor.groovy:72)
	at com.kms.katalon.core.webui.keyword.WebUiBuiltInKeywords.verifyElementVisible(WebUiBuiltInKeywords.groovy:358)
	at com.kms.katalon.core.webui.keyword.WebUiBuiltInKeywords$verifyElementVisible$4.call(Unknown Source)
	at L-10.run(L-10:35)
	at com.kms.katalon.core.main.ScriptEngine.run(ScriptEngine.java:194)
	at com.kms.katalon.core.main.ScriptEngine.runScriptAsRawText(ScriptEngine.java:119)
	at com.kms.katalon.core.main.TestCaseExecutor.runScript(TestCaseExecutor.java:337)
	at com.kms.katalon.core.main.TestCaseExecutor.doExecute(TestCaseExecutor.java:328)
	at com.kms.katalon.core.main.TestCaseExecutor.processExecutionPhase(TestCaseExecutor.java:307)
	at com.kms.katalon.core.main.TestCaseExecutor.accessMainPhase(TestCaseExecutor.java:299)
	at com.kms.katalon.core.main.TestCaseExecutor.execute(TestCaseExecutor.java:233)
	at com.kms.katalon.core.main.TestSuiteExecutor.accessTestCaseMainPhase(TestSuiteExecutor.java:169)
	at com.kms.katalon.core.main.TestSuiteExecutor.accessTestSuiteMainPhase(TestSuiteExecutor.java:142)
	at com.kms.katalon.core.main.TestSuiteExecutor.execute(TestSuiteExecutor.java:91)
	at com.kms.katalon.core.main.TestCaseMain.startTestSuite(TestCaseMain.java:157)
	at com.kms.katalon.core.main.TestCaseMain$startTestSuite$0.call(Unknown Source)
	at TempTestSuite1588366339838.run(TempTestSuite1588366339838.groovy:36)
Caused by: com.kms.katalon.core.exception.StepFailedException: Object 'Object Repository/Historia rozmów' is NOT visible
	at com.kms.katalon.core.webui.keyword.internal.WebUIKeywordMain.stepFailed(WebUIKeywordMain.groovy:64)
	at com.kms.katalon.core.webui.keyword.builtin.VerifyElementVisibleKeyword$_verifyElementVisible_closure1.doCall(VerifyElementVisibleKeyword.groovy:83)
	at com.kms.katalon.core.webui.keyword.builtin.VerifyElementVisibleKeyword$_verifyElementVisible_closure1.call(VerifyElementVisibleKeyword.groovy)
	at com.kms.katalon.core.webui.keyword.internal.WebUIKeywordMain.runKeyword(WebUIKeywordMain.groovy:20)
	... 19 more]]></system-err>
      </testcase>
      <testcase name="Test Cases/L-9" time="19.105" classname="Test Cases/L-9" status="PASSED">
         <system-out><![CDATA[2020-05-01 22:55:02 - [TEST_CASE][PASSED] - Test Cases/L-9: Test Cases/L-9

2020-05-01 22:55:03 - [TEST_STEP][PASSED] - openBrowser(""): Browser is opened with url: ''

2020-05-01 22:55:03 - [MESSAGE][WARNING] - A browser is already opened. Closing browser and opening a new one

2020-05-01 22:55:05 - [MESSAGE][INFO] - Starting 'Firefox' driver

2020-05-01 22:55:13 - [MESSAGE][PASSED] - Browser is opened with url: ''

2020-05-01 22:55:13 - [TEST_STEP][PASSED] - navigateToUrl("http://kmg.hcm.pl/testowanie/"): Navigate to 'http://kmg.hcm.pl/testowanie/' successfully

2020-05-01 22:55:16 - [MESSAGE][PASSED] - Navigate to 'http://kmg.hcm.pl/testowanie/' successfully

2020-05-01 22:55:16 - [TEST_STEP][PASSED] - maximizeWindow(): Current window maximized

2020-05-01 22:55:16 - [MESSAGE][PASSED] - Current window maximized

2020-05-01 22:55:16 - [TEST_STEP][PASSED] - sendKeys(findTestObject("Nazwa użytkownika"), varLogin): Keys 'Iza' sent to object: 'Object Repository/Nazwa użytkownika'

2020-05-01 22:55:17 - [MESSAGE][PASSED] - Keys 'Iza' sent to object: 'Object Repository/Nazwa użytkownika'

2020-05-01 22:55:17 - [TEST_STEP][PASSED] - sendKeys(findTestObject("Hasło"), varPassword): Keys 'iLabunko' sent to object: 'Object Repository/Hasło'

2020-05-01 22:55:17 - [MESSAGE][PASSED] - Keys 'iLabunko' sent to object: 'Object Repository/Hasło'

2020-05-01 22:55:17 - [TEST_STEP][PASSED] - click(findTestObject("Button Login")): Object: 'Object Repository/Button Login' is clicked on

2020-05-01 22:55:18 - [MESSAGE][PASSED] - Object: 'Object Repository/Button Login' is clicked on

2020-05-01 22:55:18 - [TEST_STEP][PASSED] - verifyAlertPresent(0): Alert is present after 30 second(s).

2020-05-01 22:55:18 - [MESSAGE][WARNING] - Timeout '0' is invalid. Using default page load timeout: '30'

2020-05-01 22:55:18 - [MESSAGE][PASSED] - Alert is present after 30 second(s).

2020-05-01 22:55:18 - [TEST_STEP][PASSED] - acceptAlert(): Alert accepted

2020-05-01 22:55:18 - [MESSAGE][PASSED] - Alert accepted

2020-05-01 22:55:18 - [TEST_STEP][PASSED] - verifyNotEqual(findTestObject("Historia rozmów"), findTestObject("Text Link Zajestruj konto")): Actual object 'TestObject - 'Object Repository/Historia rozmów'' and expected object 'TestObject - 'Object Repository/Text Link Zajestruj konto'' are not equal

2020-05-01 22:55:19 - [MESSAGE][PASSED] - Actual object 'TestObject - 'Object Repository/Historia rozmów'' and expected object 'TestObject - 'Object Repository/Text Link Zajestruj konto'' are not equal

2020-05-01 22:55:19 - [TEST_STEP][PASSED] - verifyElementVisible(findTestObject("Text Link Zajestruj konto")): Object 'Object Repository/Text Link Zajestruj konto' is visible

2020-05-01 22:55:19 - [MESSAGE][PASSED] - Object 'Object Repository/Text Link Zajestruj konto' is visible

2020-05-01 22:55:19 - [TEST_STEP][PASSED] - closeBrowser(): Browser is closed

2020-05-01 22:55:21 - [MESSAGE][PASSED] - Browser is closed]]></system-out>
         <system-err><![CDATA[]]></system-err>
      </testcase>
      <testcase name="Test Cases/L-9" time="15.074" classname="Test Cases/L-9" status="PASSED">
         <system-out><![CDATA[2020-05-01 22:55:22 - [TEST_CASE][PASSED] - Test Cases/L-9: Test Cases/L-9

2020-05-01 22:55:22 - [TEST_STEP][PASSED] - openBrowser(""): Browser is opened with url: ''

2020-05-01 22:55:22 - [MESSAGE][INFO] - Starting 'Firefox' driver

2020-05-01 22:55:30 - [MESSAGE][PASSED] - Browser is opened with url: ''

2020-05-01 22:55:30 - [TEST_STEP][PASSED] - navigateToUrl("http://kmg.hcm.pl/testowanie/"): Navigate to 'http://kmg.hcm.pl/testowanie/' successfully

2020-05-01 22:55:32 - [MESSAGE][PASSED] - Navigate to 'http://kmg.hcm.pl/testowanie/' successfully

2020-05-01 22:55:32 - [TEST_STEP][PASSED] - maximizeWindow(): Current window maximized

2020-05-01 22:55:32 - [MESSAGE][PASSED] - Current window maximized

2020-05-01 22:55:32 - [TEST_STEP][PASSED] - sendKeys(findTestObject("Nazwa użytkownika"), varLogin): Keys 'Iza' sent to object: 'Object Repository/Nazwa użytkownika'

2020-05-01 22:55:33 - [MESSAGE][PASSED] - Keys 'Iza' sent to object: 'Object Repository/Nazwa użytkownika'

2020-05-01 22:55:33 - [TEST_STEP][PASSED] - sendKeys(findTestObject("Hasło"), varPassword): Keys 'iLabunko' sent to object: 'Object Repository/Hasło'

2020-05-01 22:55:33 - [MESSAGE][PASSED] - Keys 'iLabunko' sent to object: 'Object Repository/Hasło'

2020-05-01 22:55:33 - [TEST_STEP][PASSED] - click(findTestObject("Button Login")): Object: 'Object Repository/Button Login' is clicked on

2020-05-01 22:55:34 - [MESSAGE][PASSED] - Object: 'Object Repository/Button Login' is clicked on

2020-05-01 22:55:34 - [TEST_STEP][PASSED] - verifyAlertPresent(0): Alert is present after 30 second(s).

2020-05-01 22:55:34 - [MESSAGE][WARNING] - Timeout '0' is invalid. Using default page load timeout: '30'

2020-05-01 22:55:34 - [MESSAGE][PASSED] - Alert is present after 30 second(s).

2020-05-01 22:55:34 - [TEST_STEP][PASSED] - acceptAlert(): Alert accepted

2020-05-01 22:55:34 - [MESSAGE][PASSED] - Alert accepted

2020-05-01 22:55:34 - [TEST_STEP][PASSED] - verifyNotEqual(findTestObject("Historia rozmów"), findTestObject("Text Link Zajestruj konto")): Actual object 'TestObject - 'Object Repository/Historia rozmów'' and expected object 'TestObject - 'Object Repository/Text Link Zajestruj konto'' are not equal

2020-05-01 22:55:34 - [MESSAGE][PASSED] - Actual object 'TestObject - 'Object Repository/Historia rozmów'' and expected object 'TestObject - 'Object Repository/Text Link Zajestruj konto'' are not equal

2020-05-01 22:55:34 - [TEST_STEP][PASSED] - verifyElementVisible(findTestObject("Text Link Zajestruj konto")): Object 'Object Repository/Text Link Zajestruj konto' is visible

2020-05-01 22:55:35 - [MESSAGE][PASSED] - Object 'Object Repository/Text Link Zajestruj konto' is visible

2020-05-01 22:55:35 - [TEST_STEP][PASSED] - closeBrowser(): Browser is closed

2020-05-01 22:55:37 - [MESSAGE][PASSED] - Browser is closed]]></system-out>
         <system-err><![CDATA[]]></system-err>
      </testcase>
      <testcase name="Test Cases/L-9" time="15.356" classname="Test Cases/L-9" status="PASSED">
         <system-out><![CDATA[2020-05-01 22:55:37 - [TEST_CASE][PASSED] - Test Cases/L-9: Test Cases/L-9

2020-05-01 22:55:37 - [TEST_STEP][PASSED] - openBrowser(""): Browser is opened with url: ''

2020-05-01 22:55:37 - [MESSAGE][INFO] - Starting 'Firefox' driver

2020-05-01 22:55:44 - [MESSAGE][PASSED] - Browser is opened with url: ''

2020-05-01 22:55:44 - [TEST_STEP][PASSED] - navigateToUrl("http://kmg.hcm.pl/testowanie/"): Navigate to 'http://kmg.hcm.pl/testowanie/' successfully

2020-05-01 22:55:47 - [MESSAGE][PASSED] - Navigate to 'http://kmg.hcm.pl/testowanie/' successfully

2020-05-01 22:55:47 - [TEST_STEP][PASSED] - maximizeWindow(): Current window maximized

2020-05-01 22:55:47 - [MESSAGE][PASSED] - Current window maximized

2020-05-01 22:55:47 - [TEST_STEP][PASSED] - sendKeys(findTestObject("Nazwa użytkownika"), varLogin): Keys 'Iza' sent to object: 'Object Repository/Nazwa użytkownika'

2020-05-01 22:55:48 - [MESSAGE][PASSED] - Keys 'Iza' sent to object: 'Object Repository/Nazwa użytkownika'

2020-05-01 22:55:48 - [TEST_STEP][PASSED] - sendKeys(findTestObject("Hasło"), varPassword): Keys 'gruszka' sent to object: 'Object Repository/Hasło'

2020-05-01 22:55:48 - [MESSAGE][PASSED] - Keys 'gruszka' sent to object: 'Object Repository/Hasło'

2020-05-01 22:55:48 - [TEST_STEP][PASSED] - click(findTestObject("Button Login")): Object: 'Object Repository/Button Login' is clicked on

2020-05-01 22:55:49 - [MESSAGE][PASSED] - Object: 'Object Repository/Button Login' is clicked on

2020-05-01 22:55:49 - [TEST_STEP][PASSED] - verifyAlertPresent(0): Alert is present after 30 second(s).

2020-05-01 22:55:49 - [MESSAGE][WARNING] - Timeout '0' is invalid. Using default page load timeout: '30'

2020-05-01 22:55:49 - [MESSAGE][PASSED] - Alert is present after 30 second(s).

2020-05-01 22:55:49 - [TEST_STEP][PASSED] - acceptAlert(): Alert accepted

2020-05-01 22:55:49 - [MESSAGE][PASSED] - Alert accepted

2020-05-01 22:55:49 - [TEST_STEP][PASSED] - verifyNotEqual(findTestObject("Historia rozmów"), findTestObject("Text Link Zajestruj konto")): Actual object 'TestObject - 'Object Repository/Historia rozmów'' and expected object 'TestObject - 'Object Repository/Text Link Zajestruj konto'' are not equal

2020-05-01 22:55:50 - [MESSAGE][PASSED] - Actual object 'TestObject - 'Object Repository/Historia rozmów'' and expected object 'TestObject - 'Object Repository/Text Link Zajestruj konto'' are not equal

2020-05-01 22:55:50 - [TEST_STEP][PASSED] - verifyElementVisible(findTestObject("Text Link Zajestruj konto")): Object 'Object Repository/Text Link Zajestruj konto' is visible

2020-05-01 22:55:50 - [MESSAGE][PASSED] - Object 'Object Repository/Text Link Zajestruj konto' is visible

2020-05-01 22:55:50 - [TEST_STEP][PASSED] - closeBrowser(): Browser is closed

2020-05-01 22:55:52 - [MESSAGE][PASSED] - Browser is closed]]></system-out>
         <system-err><![CDATA[]]></system-err>
      </testcase>
      <testcase name="Test Cases/L-9" time="16.116" classname="Test Cases/L-9" status="PASSED">
         <system-out><![CDATA[2020-05-01 22:55:52 - [TEST_CASE][PASSED] - Test Cases/L-9: Test Cases/L-9

2020-05-01 22:55:52 - [TEST_STEP][PASSED] - openBrowser(""): Browser is opened with url: ''

2020-05-01 22:55:52 - [MESSAGE][INFO] - Starting 'Firefox' driver

2020-05-01 22:56:00 - [MESSAGE][PASSED] - Browser is opened with url: ''

2020-05-01 22:56:00 - [TEST_STEP][PASSED] - navigateToUrl("http://kmg.hcm.pl/testowanie/"): Navigate to 'http://kmg.hcm.pl/testowanie/' successfully

2020-05-01 22:56:03 - [MESSAGE][PASSED] - Navigate to 'http://kmg.hcm.pl/testowanie/' successfully

2020-05-01 22:56:03 - [TEST_STEP][PASSED] - maximizeWindow(): Current window maximized

2020-05-01 22:56:03 - [MESSAGE][PASSED] - Current window maximized

2020-05-01 22:56:03 - [TEST_STEP][PASSED] - sendKeys(findTestObject("Nazwa użytkownika"), varLogin): Keys 'Iza' sent to object: 'Object Repository/Nazwa użytkownika'

2020-05-01 22:56:03 - [MESSAGE][PASSED] - Keys 'Iza' sent to object: 'Object Repository/Nazwa użytkownika'

2020-05-01 22:56:03 - [TEST_STEP][PASSED] - sendKeys(findTestObject("Hasło"), varPassword): Keys 'pietruszka11111' sent to object: 'Object Repository/Hasło'

2020-05-01 22:56:03 - [MESSAGE][PASSED] - Keys 'pietruszka11111' sent to object: 'Object Repository/Hasło'

2020-05-01 22:56:03 - [TEST_STEP][PASSED] - click(findTestObject("Button Login")): Object: 'Object Repository/Button Login' is clicked on

2020-05-01 22:56:04 - [MESSAGE][PASSED] - Object: 'Object Repository/Button Login' is clicked on

2020-05-01 22:56:04 - [TEST_STEP][PASSED] - verifyAlertPresent(0): Alert is present after 30 second(s).

2020-05-01 22:56:04 - [MESSAGE][WARNING] - Timeout '0' is invalid. Using default page load timeout: '30'

2020-05-01 22:56:04 - [MESSAGE][PASSED] - Alert is present after 30 second(s).

2020-05-01 22:56:04 - [TEST_STEP][PASSED] - acceptAlert(): Alert accepted

2020-05-01 22:56:04 - [MESSAGE][PASSED] - Alert accepted

2020-05-01 22:56:04 - [TEST_STEP][PASSED] - verifyNotEqual(findTestObject("Historia rozmów"), findTestObject("Text Link Zajestruj konto")): Actual object 'TestObject - 'Object Repository/Historia rozmów'' and expected object 'TestObject - 'Object Repository/Text Link Zajestruj konto'' are not equal

2020-05-01 22:56:05 - [MESSAGE][PASSED] - Actual object 'TestObject - 'Object Repository/Historia rozmów'' and expected object 'TestObject - 'Object Repository/Text Link Zajestruj konto'' are not equal

2020-05-01 22:56:05 - [TEST_STEP][PASSED] - verifyElementVisible(findTestObject("Text Link Zajestruj konto")): Object 'Object Repository/Text Link Zajestruj konto' is visible

2020-05-01 22:56:06 - [MESSAGE][PASSED] - Object 'Object Repository/Text Link Zajestruj konto' is visible

2020-05-01 22:56:06 - [TEST_STEP][PASSED] - closeBrowser(): Browser is closed

2020-05-01 22:56:08 - [MESSAGE][PASSED] - Browser is closed]]></system-out>
         <system-err><![CDATA[]]></system-err>
      </testcase>
      <testcase name="Test Cases/L-9" time="16.105" classname="Test Cases/L-9" status="PASSED">
         <system-out><![CDATA[2020-05-01 22:56:08 - [TEST_CASE][PASSED] - Test Cases/L-9: Test Cases/L-9

2020-05-01 22:56:08 - [TEST_STEP][PASSED] - openBrowser(""): Browser is opened with url: ''

2020-05-01 22:56:08 - [MESSAGE][INFO] - Starting 'Firefox' driver

2020-05-01 22:56:17 - [MESSAGE][PASSED] - Browser is opened with url: ''

2020-05-01 22:56:17 - [TEST_STEP][PASSED] - navigateToUrl("http://kmg.hcm.pl/testowanie/"): Navigate to 'http://kmg.hcm.pl/testowanie/' successfully

2020-05-01 22:56:20 - [MESSAGE][PASSED] - Navigate to 'http://kmg.hcm.pl/testowanie/' successfully

2020-05-01 22:56:20 - [TEST_STEP][PASSED] - maximizeWindow(): Current window maximized

2020-05-01 22:56:20 - [MESSAGE][PASSED] - Current window maximized

2020-05-01 22:56:20 - [TEST_STEP][PASSED] - sendKeys(findTestObject("Nazwa użytkownika"), varLogin): Keys 'Iza' sent to object: 'Object Repository/Nazwa użytkownika'

2020-05-01 22:56:20 - [MESSAGE][PASSED] - Keys 'Iza' sent to object: 'Object Repository/Nazwa użytkownika'

2020-05-01 22:56:20 - [TEST_STEP][PASSED] - sendKeys(findTestObject("Hasło"), varPassword): Keys 'oco123' sent to object: 'Object Repository/Hasło'

2020-05-01 22:56:21 - [MESSAGE][PASSED] - Keys 'oco123' sent to object: 'Object Repository/Hasło'

2020-05-01 22:56:21 - [TEST_STEP][PASSED] - click(findTestObject("Button Login")): Object: 'Object Repository/Button Login' is clicked on

2020-05-01 22:56:21 - [MESSAGE][PASSED] - Object: 'Object Repository/Button Login' is clicked on

2020-05-01 22:56:21 - [TEST_STEP][PASSED] - verifyAlertPresent(0): Alert is present after 30 second(s).

2020-05-01 22:56:22 - [MESSAGE][WARNING] - Timeout '0' is invalid. Using default page load timeout: '30'

2020-05-01 22:56:22 - [MESSAGE][PASSED] - Alert is present after 30 second(s).

2020-05-01 22:56:22 - [TEST_STEP][PASSED] - acceptAlert(): Alert accepted

2020-05-01 22:56:22 - [MESSAGE][PASSED] - Alert accepted

2020-05-01 22:56:22 - [TEST_STEP][PASSED] - verifyNotEqual(findTestObject("Historia rozmów"), findTestObject("Text Link Zajestruj konto")): Actual object 'TestObject - 'Object Repository/Historia rozmów'' and expected object 'TestObject - 'Object Repository/Text Link Zajestruj konto'' are not equal

2020-05-01 22:56:22 - [MESSAGE][PASSED] - Actual object 'TestObject - 'Object Repository/Historia rozmów'' and expected object 'TestObject - 'Object Repository/Text Link Zajestruj konto'' are not equal

2020-05-01 22:56:22 - [TEST_STEP][PASSED] - verifyElementVisible(findTestObject("Text Link Zajestruj konto")): Object 'Object Repository/Text Link Zajestruj konto' is visible

2020-05-01 22:56:22 - [MESSAGE][PASSED] - Object 'Object Repository/Text Link Zajestruj konto' is visible

2020-05-01 22:56:22 - [TEST_STEP][PASSED] - closeBrowser(): Browser is closed

2020-05-01 22:56:24 - [MESSAGE][PASSED] - Browser is closed]]></system-out>
         <system-err><![CDATA[]]></system-err>
      </testcase>
      <testcase name="Test Cases/L-9" time="16.525" classname="Test Cases/L-9" status="PASSED">
         <system-out><![CDATA[2020-05-01 22:56:24 - [TEST_CASE][PASSED] - Test Cases/L-9: Test Cases/L-9

2020-05-01 22:56:24 - [TEST_STEP][PASSED] - openBrowser(""): Browser is opened with url: ''

2020-05-01 22:56:24 - [MESSAGE][INFO] - Starting 'Firefox' driver

2020-05-01 22:56:32 - [MESSAGE][PASSED] - Browser is opened with url: ''

2020-05-01 22:56:32 - [TEST_STEP][PASSED] - navigateToUrl("http://kmg.hcm.pl/testowanie/"): Navigate to 'http://kmg.hcm.pl/testowanie/' successfully

2020-05-01 22:56:36 - [MESSAGE][PASSED] - Navigate to 'http://kmg.hcm.pl/testowanie/' successfully

2020-05-01 22:56:36 - [TEST_STEP][PASSED] - maximizeWindow(): Current window maximized

2020-05-01 22:56:36 - [MESSAGE][PASSED] - Current window maximized

2020-05-01 22:56:36 - [TEST_STEP][PASSED] - sendKeys(findTestObject("Nazwa użytkownika"), varLogin): Keys 'Iza' sent to object: 'Object Repository/Nazwa użytkownika'

2020-05-01 22:56:37 - [MESSAGE][PASSED] - Keys 'Iza' sent to object: 'Object Repository/Nazwa użytkownika'

2020-05-01 22:56:37 - [TEST_STEP][PASSED] - sendKeys(findTestObject("Hasło"), varPassword): Keys 'glajda0909' sent to object: 'Object Repository/Hasło'

2020-05-01 22:56:37 - [MESSAGE][PASSED] - Keys 'glajda0909' sent to object: 'Object Repository/Hasło'

2020-05-01 22:56:37 - [TEST_STEP][PASSED] - click(findTestObject("Button Login")): Object: 'Object Repository/Button Login' is clicked on

2020-05-01 22:56:38 - [MESSAGE][PASSED] - Object: 'Object Repository/Button Login' is clicked on

2020-05-01 22:56:38 - [TEST_STEP][PASSED] - verifyAlertPresent(0): Alert is present after 30 second(s).

2020-05-01 22:56:38 - [MESSAGE][WARNING] - Timeout '0' is invalid. Using default page load timeout: '30'

2020-05-01 22:56:38 - [MESSAGE][PASSED] - Alert is present after 30 second(s).

2020-05-01 22:56:38 - [TEST_STEP][PASSED] - acceptAlert(): Alert accepted

2020-05-01 22:56:38 - [MESSAGE][PASSED] - Alert accepted

2020-05-01 22:56:38 - [TEST_STEP][PASSED] - verifyNotEqual(findTestObject("Historia rozmów"), findTestObject("Text Link Zajestruj konto")): Actual object 'TestObject - 'Object Repository/Historia rozmów'' and expected object 'TestObject - 'Object Repository/Text Link Zajestruj konto'' are not equal

2020-05-01 22:56:38 - [MESSAGE][PASSED] - Actual object 'TestObject - 'Object Repository/Historia rozmów'' and expected object 'TestObject - 'Object Repository/Text Link Zajestruj konto'' are not equal

2020-05-01 22:56:38 - [TEST_STEP][PASSED] - verifyElementVisible(findTestObject("Text Link Zajestruj konto")): Object 'Object Repository/Text Link Zajestruj konto' is visible

2020-05-01 22:56:39 - [MESSAGE][PASSED] - Object 'Object Repository/Text Link Zajestruj konto' is visible

2020-05-01 22:56:39 - [TEST_STEP][PASSED] - closeBrowser(): Browser is closed

2020-05-01 22:56:41 - [MESSAGE][PASSED] - Browser is closed]]></system-out>
         <system-err><![CDATA[]]></system-err>
      </testcase>
      <testcase name="Test Cases/L-9" time="16.734" classname="Test Cases/L-9" status="PASSED">
         <system-out><![CDATA[2020-05-01 22:56:41 - [TEST_CASE][PASSED] - Test Cases/L-9: Test Cases/L-9

2020-05-01 22:56:41 - [TEST_STEP][PASSED] - openBrowser(""): Browser is opened with url: ''

2020-05-01 22:56:41 - [MESSAGE][INFO] - Starting 'Firefox' driver

2020-05-01 22:56:49 - [MESSAGE][PASSED] - Browser is opened with url: ''

2020-05-01 22:56:49 - [TEST_STEP][PASSED] - navigateToUrl("http://kmg.hcm.pl/testowanie/"): Navigate to 'http://kmg.hcm.pl/testowanie/' successfully

2020-05-01 22:56:53 - [MESSAGE][PASSED] - Navigate to 'http://kmg.hcm.pl/testowanie/' successfully

2020-05-01 22:56:53 - [TEST_STEP][PASSED] - maximizeWindow(): Current window maximized

2020-05-01 22:56:53 - [MESSAGE][PASSED] - Current window maximized

2020-05-01 22:56:53 - [TEST_STEP][PASSED] - sendKeys(findTestObject("Nazwa użytkownika"), varLogin): Keys 'Iza' sent to object: 'Object Repository/Nazwa użytkownika'

2020-05-01 22:56:53 - [MESSAGE][PASSED] - Keys 'Iza' sent to object: 'Object Repository/Nazwa użytkownika'

2020-05-01 22:56:53 - [TEST_STEP][PASSED] - sendKeys(findTestObject("Hasło"), varPassword): Keys 'czekolada@#' sent to object: 'Object Repository/Hasło'

2020-05-01 22:56:54 - [MESSAGE][PASSED] - Keys 'czekolada@#' sent to object: 'Object Repository/Hasło'

2020-05-01 22:56:54 - [TEST_STEP][PASSED] - click(findTestObject("Button Login")): Object: 'Object Repository/Button Login' is clicked on

2020-05-01 22:56:54 - [MESSAGE][PASSED] - Object: 'Object Repository/Button Login' is clicked on

2020-05-01 22:56:54 - [TEST_STEP][PASSED] - verifyAlertPresent(0): Alert is present after 30 second(s).

2020-05-01 22:56:54 - [MESSAGE][WARNING] - Timeout '0' is invalid. Using default page load timeout: '30'

2020-05-01 22:56:54 - [MESSAGE][PASSED] - Alert is present after 30 second(s).

2020-05-01 22:56:54 - [TEST_STEP][PASSED] - acceptAlert(): Alert accepted

2020-05-01 22:56:55 - [MESSAGE][PASSED] - Alert accepted

2020-05-01 22:56:55 - [TEST_STEP][PASSED] - verifyNotEqual(findTestObject("Historia rozmów"), findTestObject("Text Link Zajestruj konto")): Actual object 'TestObject - 'Object Repository/Historia rozmów'' and expected object 'TestObject - 'Object Repository/Text Link Zajestruj konto'' are not equal

2020-05-01 22:56:55 - [MESSAGE][PASSED] - Actual object 'TestObject - 'Object Repository/Historia rozmów'' and expected object 'TestObject - 'Object Repository/Text Link Zajestruj konto'' are not equal

2020-05-01 22:56:55 - [TEST_STEP][PASSED] - verifyElementVisible(findTestObject("Text Link Zajestruj konto")): Object 'Object Repository/Text Link Zajestruj konto' is visible

2020-05-01 22:56:55 - [MESSAGE][PASSED] - Object 'Object Repository/Text Link Zajestruj konto' is visible

2020-05-01 22:56:55 - [TEST_STEP][PASSED] - closeBrowser(): Browser is closed

2020-05-01 22:56:58 - [MESSAGE][PASSED] - Browser is closed]]></system-out>
         <system-err><![CDATA[]]></system-err>
      </testcase>
      <testcase name="Test Cases/L-9" time="14.919" classname="Test Cases/L-9" status="PASSED">
         <system-out><![CDATA[2020-05-01 22:56:58 - [TEST_CASE][PASSED] - Test Cases/L-9: Test Cases/L-9

2020-05-01 22:56:58 - [TEST_STEP][PASSED] - openBrowser(""): Browser is opened with url: ''

2020-05-01 22:56:58 - [MESSAGE][INFO] - Starting 'Firefox' driver

2020-05-01 22:57:06 - [MESSAGE][PASSED] - Browser is opened with url: ''

2020-05-01 22:57:06 - [TEST_STEP][PASSED] - navigateToUrl("http://kmg.hcm.pl/testowanie/"): Navigate to 'http://kmg.hcm.pl/testowanie/' successfully

2020-05-01 22:57:08 - [MESSAGE][PASSED] - Navigate to 'http://kmg.hcm.pl/testowanie/' successfully

2020-05-01 22:57:08 - [TEST_STEP][PASSED] - maximizeWindow(): Current window maximized

2020-05-01 22:57:08 - [MESSAGE][PASSED] - Current window maximized

2020-05-01 22:57:08 - [TEST_STEP][PASSED] - sendKeys(findTestObject("Nazwa użytkownika"), varLogin): Keys 'Iza' sent to object: 'Object Repository/Nazwa użytkownika'

2020-05-01 22:57:09 - [MESSAGE][PASSED] - Keys 'Iza' sent to object: 'Object Repository/Nazwa użytkownika'

2020-05-01 22:57:09 - [TEST_STEP][PASSED] - sendKeys(findTestObject("Hasło"), varPassword): Keys '[a-zA-Z]' sent to object: 'Object Repository/Hasło'

2020-05-01 22:57:09 - [MESSAGE][PASSED] - Keys '[a-zA-Z]' sent to object: 'Object Repository/Hasło'

2020-05-01 22:57:09 - [TEST_STEP][PASSED] - click(findTestObject("Button Login")): Object: 'Object Repository/Button Login' is clicked on

2020-05-01 22:57:10 - [MESSAGE][PASSED] - Object: 'Object Repository/Button Login' is clicked on

2020-05-01 22:57:10 - [TEST_STEP][PASSED] - verifyAlertPresent(0): Alert is present after 30 second(s).

2020-05-01 22:57:10 - [MESSAGE][WARNING] - Timeout '0' is invalid. Using default page load timeout: '30'

2020-05-01 22:57:10 - [MESSAGE][PASSED] - Alert is present after 30 second(s).

2020-05-01 22:57:10 - [TEST_STEP][PASSED] - acceptAlert(): Alert accepted

2020-05-01 22:57:10 - [MESSAGE][PASSED] - Alert accepted

2020-05-01 22:57:10 - [TEST_STEP][PASSED] - verifyNotEqual(findTestObject("Historia rozmów"), findTestObject("Text Link Zajestruj konto")): Actual object 'TestObject - 'Object Repository/Historia rozmów'' and expected object 'TestObject - 'Object Repository/Text Link Zajestruj konto'' are not equal

2020-05-01 22:57:10 - [MESSAGE][PASSED] - Actual object 'TestObject - 'Object Repository/Historia rozmów'' and expected object 'TestObject - 'Object Repository/Text Link Zajestruj konto'' are not equal

2020-05-01 22:57:10 - [TEST_STEP][PASSED] - verifyElementVisible(findTestObject("Text Link Zajestruj konto")): Object 'Object Repository/Text Link Zajestruj konto' is visible

2020-05-01 22:57:11 - [MESSAGE][PASSED] - Object 'Object Repository/Text Link Zajestruj konto' is visible

2020-05-01 22:57:11 - [TEST_STEP][PASSED] - closeBrowser(): Browser is closed

2020-05-01 22:57:12 - [MESSAGE][PASSED] - Browser is closed]]></system-out>
         <system-err><![CDATA[]]></system-err>
      </testcase>
      <testcase name="Test Cases/L-9" time="14.595" classname="Test Cases/L-9" status="PASSED">
         <system-out><![CDATA[2020-05-01 22:57:13 - [TEST_CASE][PASSED] - Test Cases/L-9: Test Cases/L-9

2020-05-01 22:57:13 - [TEST_STEP][PASSED] - openBrowser(""): Browser is opened with url: ''

2020-05-01 22:57:13 - [MESSAGE][INFO] - Starting 'Firefox' driver

2020-05-01 22:57:20 - [MESSAGE][PASSED] - Browser is opened with url: ''

2020-05-01 22:57:20 - [TEST_STEP][PASSED] - navigateToUrl("http://kmg.hcm.pl/testowanie/"): Navigate to 'http://kmg.hcm.pl/testowanie/' successfully

2020-05-01 22:57:23 - [MESSAGE][PASSED] - Navigate to 'http://kmg.hcm.pl/testowanie/' successfully

2020-05-01 22:57:23 - [TEST_STEP][PASSED] - maximizeWindow(): Current window maximized

2020-05-01 22:57:23 - [MESSAGE][PASSED] - Current window maximized

2020-05-01 22:57:23 - [TEST_STEP][PASSED] - sendKeys(findTestObject("Nazwa użytkownika"), varLogin): Keys 'Iza' sent to object: 'Object Repository/Nazwa użytkownika'

2020-05-01 22:57:23 - [MESSAGE][PASSED] - Keys 'Iza' sent to object: 'Object Repository/Nazwa użytkownika'

2020-05-01 22:57:23 - [TEST_STEP][PASSED] - sendKeys(findTestObject("Hasło"), varPassword): Keys '123456' sent to object: 'Object Repository/Hasło'

2020-05-01 22:57:24 - [MESSAGE][PASSED] - Keys '123456' sent to object: 'Object Repository/Hasło'

2020-05-01 22:57:24 - [TEST_STEP][PASSED] - click(findTestObject("Button Login")): Object: 'Object Repository/Button Login' is clicked on

2020-05-01 22:57:24 - [MESSAGE][PASSED] - Object: 'Object Repository/Button Login' is clicked on

2020-05-01 22:57:24 - [TEST_STEP][PASSED] - verifyAlertPresent(0): Alert is present after 30 second(s).

2020-05-01 22:57:24 - [MESSAGE][WARNING] - Timeout '0' is invalid. Using default page load timeout: '30'

2020-05-01 22:57:25 - [MESSAGE][PASSED] - Alert is present after 30 second(s).

2020-05-01 22:57:25 - [TEST_STEP][PASSED] - acceptAlert(): Alert accepted

2020-05-01 22:57:25 - [MESSAGE][PASSED] - Alert accepted

2020-05-01 22:57:25 - [TEST_STEP][PASSED] - verifyNotEqual(findTestObject("Historia rozmów"), findTestObject("Text Link Zajestruj konto")): Actual object 'TestObject - 'Object Repository/Historia rozmów'' and expected object 'TestObject - 'Object Repository/Text Link Zajestruj konto'' are not equal

2020-05-01 22:57:25 - [MESSAGE][PASSED] - Actual object 'TestObject - 'Object Repository/Historia rozmów'' and expected object 'TestObject - 'Object Repository/Text Link Zajestruj konto'' are not equal

2020-05-01 22:57:25 - [TEST_STEP][PASSED] - verifyElementVisible(findTestObject("Text Link Zajestruj konto")): Object 'Object Repository/Text Link Zajestruj konto' is visible

2020-05-01 22:57:25 - [MESSAGE][PASSED] - Object 'Object Repository/Text Link Zajestruj konto' is visible

2020-05-01 22:57:25 - [TEST_STEP][PASSED] - closeBrowser(): Browser is closed

2020-05-01 22:57:27 - [MESSAGE][PASSED] - Browser is closed]]></system-out>
         <system-err><![CDATA[]]></system-err>
      </testcase>
      <system-out><![CDATA[2020-05-01 22:52:24 - [TEST_SUITE][FAILED] - Logowanie: Test Cases/L-10 FAILED.
Reason:
com.kms.katalon.core.exception.StepFailedException: Unable to verify object 'Object Repository/Historia rozmów' is visible
	at com.kms.katalon.core.webui.keyword.internal.WebUIKeywordMain.stepFailed(WebUIKeywordMain.groovy:64)
	at com.kms.katalon.core.webui.keyword.internal.WebUIKeywordMain.runKeyword(WebUIKeywordMain.groovy:26)
	at com.kms.katalon.core.webui.keyword.builtin.VerifyElementVisibleKeyword.verifyElementVisible(VerifyElementVisibleKeyword.groovy:97)
	at com.kms.katalon.core.webui.keyword.builtin.VerifyElementVisibleKeyword.execute(VerifyElementVisibleKeyword.groovy:67)
	at com.kms.katalon.core.keyword.internal.KeywordExecutor.executeKeywordForPlatform(KeywordExecutor.groovy:72)
	at com.kms.katalon.core.webui.keyword.WebUiBuiltInKeywords.verifyElementVisible(WebUiBuiltInKeywords.groovy:358)
	at com.kms.katalon.core.webui.keyword.WebUiBuiltInKeywords$verifyElementVisible$4.call(Unknown Source)
	at L-10.run(L-10:35)
	at com.kms.katalon.core.main.ScriptEngine.run(ScriptEngine.java:194)
	at com.kms.katalon.core.main.ScriptEngine.runScriptAsRawText(ScriptEngine.java:119)
	at com.kms.katalon.core.main.TestCaseExecutor.runScript(TestCaseExecutor.java:337)
	at com.kms.katalon.core.main.TestCaseExecutor.doExecute(TestCaseExecutor.java:328)
	at com.kms.katalon.core.main.TestCaseExecutor.processExecutionPhase(TestCaseExecutor.java:307)
	at com.kms.katalon.core.main.TestCaseExecutor.accessMainPhase(TestCaseExecutor.java:299)
	at com.kms.katalon.core.main.TestCaseExecutor.execute(TestCaseExecutor.java:233)
	at com.kms.katalon.core.main.TestSuiteExecutor.accessTestCaseMainPhase(TestSuiteExecutor.java:169)
	at com.kms.katalon.core.main.TestSuiteExecutor.accessTestSuiteMainPhase(TestSuiteExecutor.java:142)
	at com.kms.katalon.core.main.TestSuiteExecutor.execute(TestSuiteExecutor.java:91)
	at com.kms.katalon.core.main.TestCaseMain.startTestSuite(TestCaseMain.java:157)
	at com.kms.katalon.core.main.TestCaseMain$startTestSuite$0.call(Unknown Source)
	at TempTestSuite1588366339838.run(TempTestSuite1588366339838.groovy:36)
Caused by: com.kms.katalon.core.exception.StepFailedException: Object 'Object Repository/Historia rozmów' is NOT visible
	at com.kms.katalon.core.webui.keyword.internal.WebUIKeywordMain.stepFailed(WebUIKeywordMain.groovy:64)
	at com.kms.katalon.core.webui.keyword.builtin.VerifyElementVisibleKeyword$_verifyElementVisible_closure1.doCall(VerifyElementVisibleKeyword.groovy:83)
	at com.kms.katalon.core.webui.keyword.builtin.VerifyElementVisibleKeyword$_verifyElementVisible_closure1.call(VerifyElementVisibleKeyword.groovy)
	at com.kms.katalon.core.webui.keyword.internal.WebUIKeywordMain.runKeyword(WebUIKeywordMain.groovy:20)
	... 19 more]]></system-out>
      <system-err><![CDATA[2020-05-01 22:52:24 - [TEST_SUITE][FAILED] - Logowanie: Test Cases/L-10 FAILED.
Reason:
com.kms.katalon.core.exception.StepFailedException: Unable to verify object 'Object Repository/Historia rozmów' is visible
	at com.kms.katalon.core.webui.keyword.internal.WebUIKeywordMain.stepFailed(WebUIKeywordMain.groovy:64)
	at com.kms.katalon.core.webui.keyword.internal.WebUIKeywordMain.runKeyword(WebUIKeywordMain.groovy:26)
	at com.kms.katalon.core.webui.keyword.builtin.VerifyElementVisibleKeyword.verifyElementVisible(VerifyElementVisibleKeyword.groovy:97)
	at com.kms.katalon.core.webui.keyword.builtin.VerifyElementVisibleKeyword.execute(VerifyElementVisibleKeyword.groovy:67)
	at com.kms.katalon.core.keyword.internal.KeywordExecutor.executeKeywordForPlatform(KeywordExecutor.groovy:72)
	at com.kms.katalon.core.webui.keyword.WebUiBuiltInKeywords.verifyElementVisible(WebUiBuiltInKeywords.groovy:358)
	at com.kms.katalon.core.webui.keyword.WebUiBuiltInKeywords$verifyElementVisible$4.call(Unknown Source)
	at L-10.run(L-10:35)
	at com.kms.katalon.core.main.ScriptEngine.run(ScriptEngine.java:194)
	at com.kms.katalon.core.main.ScriptEngine.runScriptAsRawText(ScriptEngine.java:119)
	at com.kms.katalon.core.main.TestCaseExecutor.runScript(TestCaseExecutor.java:337)
	at com.kms.katalon.core.main.TestCaseExecutor.doExecute(TestCaseExecutor.java:328)
	at com.kms.katalon.core.main.TestCaseExecutor.processExecutionPhase(TestCaseExecutor.java:307)
	at com.kms.katalon.core.main.TestCaseExecutor.accessMainPhase(TestCaseExecutor.java:299)
	at com.kms.katalon.core.main.TestCaseExecutor.execute(TestCaseExecutor.java:233)
	at com.kms.katalon.core.main.TestSuiteExecutor.accessTestCaseMainPhase(TestSuiteExecutor.java:169)
	at com.kms.katalon.core.main.TestSuiteExecutor.accessTestSuiteMainPhase(TestSuiteExecutor.java:142)
	at com.kms.katalon.core.main.TestSuiteExecutor.execute(TestSuiteExecutor.java:91)
	at com.kms.katalon.core.main.TestCaseMain.startTestSuite(TestCaseMain.java:157)
	at com.kms.katalon.core.main.TestCaseMain$startTestSuite$0.call(Unknown Source)
	at TempTestSuite1588366339838.run(TempTestSuite1588366339838.groovy:36)
Caused by: com.kms.katalon.core.exception.StepFailedException: Object 'Object Repository/Historia rozmów' is NOT visible
	at com.kms.katalon.core.webui.keyword.internal.WebUIKeywordMain.stepFailed(WebUIKeywordMain.groovy:64)
	at com.kms.katalon.core.webui.keyword.builtin.VerifyElementVisibleKeyword$_verifyElementVisible_closure1.doCall(VerifyElementVisibleKeyword.groovy:83)
	at com.kms.katalon.core.webui.keyword.builtin.VerifyElementVisibleKeyword$_verifyElementVisible_closure1.call(VerifyElementVisibleKeyword.groovy)
	at com.kms.katalon.core.webui.keyword.internal.WebUIKeywordMain.runKeyword(WebUIKeywordMain.groovy:20)
	... 19 more]]></system-err>
   </testsuite>
</testsuites>
